# This file contains timing information
# For instructions on how to decipher this information,
# see [enzo base directory]/src/performance_tools/README.
# Times are collected across MPI processes and presented as:
# Level_N/Total, mean time, std_dev time, min time, max time, cell updates, grids, cell updates/processor/sec
# Routine, mean time, std_dev time, min time, max time 
# Starting performance log. MPI processes: 4

Cycle_Number 1
Group_WriteAllData 3.635764e-03 3.796081e-05 3.606081e-03 3.700972e-03
Level_0 4.482269e-04 3.884650e-05 4.060268e-04 4.889965e-04 1.000000e+02 4 5.577532e+04
Level_1 1.981854e-04 1.048844e-04 7.605553e-05 3.082752e-04 1.440000e+02 2 1.816481e+05
Level_2 2.700686e-04 3.553972e-05 2.129078e-04 3.061295e-04 7.400000e+01 3 6.850110e+04
Level_3 2.871156e-04 4.518720e-05 2.093315e-04 3.211498e-04 1.240000e+02 3 1.079705e+05
Level_4 3.908277e-04 8.584284e-05 2.732277e-04 4.746914e-04 2.580000e+02 3 1.650344e+05
RebuildHierarchy 2.037585e-03 3.476719e-05 1.982927e-03 2.072573e-03
SetBoundaryConditions 4.167557e-04 2.512246e-04 4.768372e-05 6.973743e-04
SolveHydroEquations 8.597970e-04 2.701115e-04 4.251003e-04 1.141310e-03
Total 4.812956e-03 1.594602e-04 4.537106e-03 4.917860e-03 7.000000e+02 15 3.636019e+04

Cycle_Number 2
Group_WriteAllData 0.000000e+00 0.000000e+00 0.000000e+00 0.000000e+00
Level_0 8.600950e-05 3.541840e-06 8.296967e-05 9.202957e-05 1.000000e+02 4 2.906656e+05
Level_1 1.466870e-04 9.185358e-05 5.388260e-05 2.388954e-04 1.620000e+02 2 2.760980e+05
Level_2 3.427863e-04 4.240848e-05 2.994537e-04 3.871918e-04 1.840000e+02 3 1.341944e+05
Level_3 6.569624e-04 1.501580e-04 5.044937e-04 8.132458e-04 5.160000e+02 3 1.963583e+05
Level_4 1.327634e-03 2.977752e-04 1.028299e-03 1.645327e-03 1.508000e+03 3 2.839638e+05
RebuildHierarchy 2.694428e-03 1.047599e-04 2.573490e-03 2.812386e-03
SetBoundaryConditions 6.599426e-04 6.213780e-04 5.793571e-05 1.522779e-03
SolveHydroEquations 8.958578e-04 8.696761e-04 4.291534e-05 2.046108e-03
Total 7.460058e-03 1.413062e-04 7.338047e-03 7.688999e-03 2.470000e+03 15 8.277416e+04

Cycle_Number 3
Group_WriteAllData 0.000000e+00 0.000000e+00 0.000000e+00 0.000000e+00
Level_0 5.477667e-05 5.882166e-06 4.792213e-05 6.413460e-05 1.000000e+02 4 4.563987e+05
Level_1 1.649857e-04 1.272314e-04 3.385544e-05 2.937317e-04 1.800000e+02 2 2.727510e+05
Level_2 3.321171e-04 1.811432e-05 3.120899e-04 3.521442e-04 2.120000e+02 3 1.595823e+05
Level_3 6.386638e-04 2.065836e-04 4.267693e-04 8.556843e-04 7.880000e+02 3 3.084565e+05
Level_4 1.759887e-03 6.287086e-04 1.129866e-03 2.405643e-03 2.724000e+03 3 3.869567e+05
RebuildHierarchy 2.735376e-03 1.089950e-04 2.618313e-03 2.845049e-03
SetBoundaryConditions 8.165240e-04 8.631676e-04 4.100800e-05 2.139568e-03
SolveHydroEquations 1.066208e-03 1.106302e-03 3.290176e-05 2.679348e-03
Total 1.251453e-02 5.061761e-05 1.243019e-02 1.255393e-02 4.004000e+03 15 7.998701e+04

Cycle_Number 4
Group_WriteAllData 0.000000e+00 0.000000e+00 0.000000e+00 0.000000e+00
Level_0 8.267164e-05 1.426968e-05 6.794930e-05 9.799004e-05 1.000000e+02 4 3.024012e+05
Level_1 1.480579e-04 1.000797e-04 3.409386e-05 2.503395e-04 1.980000e+02 2 3.343286e+05
Level_2 3.126264e-04 1.209651e-05 2.996922e-04 3.283024e-04 2.720000e+02 3 2.175120e+05
Level_3 6.405115e-04 1.983580e-04 4.351139e-04 8.449554e-04 8.480000e+02 3 3.309855e+05
Level_4 1.798272e-03 1.810065e-04 1.487017e-03 1.926184e-03 2.438000e+03 4 3.389365e+05
RebuildHierarchy 2.808034e-03 7.079514e-05 2.735138e-03 2.911329e-03
SetBoundaryConditions 1.376927e-03 7.320870e-04 4.570484e-04 2.182007e-03
SolveHydroEquations 1.127958e-03 7.063688e-04 4.107952e-04 2.203941e-03
Total 8.135498e-03 2.467740e-05 8.093119e-03 8.154869e-03 3.856000e+03 16 1.184931e+05

Cycle_Number 5
Group_WriteAllData 0.000000e+00 0.000000e+00 0.000000e+00 0.000000e+00
Level_0 5.525351e-05 8.820682e-07 5.388260e-05 5.602837e-05 1.000000e+02 4 4.524600e+05
Level_1 9.125471e-05 5.702601e-05 2.598763e-05 1.499653e-04 1.440000e+02 2 3.945002e+05
Level_2 2.864599e-04 8.732021e-05 1.981258e-04 3.781319e-04 3.320000e+02 3 2.897438e+05
Level_3 7.452369e-04 2.529696e-04 4.870892e-04 1.010656e-03 1.068000e+03 3 3.582753e+05
Level_4 1.624107e-03 6.041971e-05 1.561403e-03 1.688719e-03 2.920000e+03 5 4.494777e+05
RebuildHierarchy 2.775252e-03 6.423144e-05 2.692461e-03 2.854109e-03
SetBoundaryConditions 1.671135e-03 4.252028e-04 1.069546e-03 2.229452e-03
SolveHydroEquations 1.177788e-03 6.117953e-04 3.433228e-04 2.069712e-03
Total 7.726490e-03 4.356618e-05 7.652044e-03 7.762909e-03 4.564000e+03 17 1.476738e+05

Cycle_Number 6
Group_WriteAllData 0.000000e+00 0.000000e+00 0.000000e+00 0.000000e+00
Level_0 4.875660e-05 3.576279e-07 4.816055e-05 4.911423e-05 1.000000e+02 4 5.127511e+05
Level_1 9.465218e-05 6.485161e-05 2.932549e-05 1.599789e-04 1.520000e+02 2 4.014699e+05
Level_2 3.028512e-04 9.050040e-05 2.119541e-04 3.986359e-04 3.720000e+02 3 3.070815e+05
Level_3 8.214116e-04 3.034685e-04 5.171299e-04 1.129866e-03 1.208000e+03 3 3.676598e+05
Level_4 1.651824e-03 1.621455e-05 1.631260e-03 1.669645e-03 3.286000e+03 5 4.973292e+05
RebuildHierarchy 2.681255e-03 7.128416e-05 2.591610e-03 2.757311e-03
SetBoundaryConditions 1.833081e-03 5.482795e-04 9.996891e-04 2.490759e-03
SolveHydroEquations 1.204729e-03 7.111448e-04 3.051758e-04 2.291203e-03
Total 7.652581e-03 3.725986e-05 7.588148e-03 7.677078e-03 5.118000e+03 17 1.671985e+05

Cycle_Number 7
Group_WriteAllData 0.000000e+00 0.000000e+00 0.000000e+00 0.000000e+00
Level_0 4.875660e-05 8.344650e-07 4.792213e-05 5.006790e-05 1.000000e+02 4 5.127511e+05
Level_1 8.898973e-05 5.859385e-05 2.980232e-05 1.480579e-04 1.640000e+02 2 4.607273e+05
Level_2 3.222823e-04 1.202609e-04 2.019405e-04 4.467964e-04 4.320000e+02 3 3.351099e+05
Level_3 8.727312e-04 1.649283e-04 5.881786e-04 9.825230e-04 1.136000e+03 4 3.254152e+05
Level_4 1.548707e-03 4.775039e-04 1.160145e-03 2.334356e-03 3.886000e+03 5 6.272973e+05
RebuildHierarchy 2.466261e-03 6.702136e-05 2.387762e-03 2.560139e-03
SetBoundaryConditions 1.303911e-03 4.361455e-04 8.871555e-04 1.970291e-03
SolveHydroEquations 1.293659e-03 8.889282e-04 5.266666e-04 2.776623e-03
Total 7.848740e-03 3.042290e-05 7.796049e-03 7.866859e-03 5.718000e+03 18 1.821312e+05

Cycle_Number 8
Group_WriteAllData 0.000000e+00 0.000000e+00 0.000000e+00 0.000000e+00
Level_0 4.923344e-05 4.915125e-07 4.887581e-05 5.006790e-05 1.000000e+02 4 5.077850e+05
Level_1 9.369850e-05 6.270499e-05 3.099442e-05 1.568794e-04 1.760000e+02 2 4.695913e+05
Level_2 2.930164e-04 9.157213e-05 2.009869e-04 3.871918e-04 3.920000e+02 3 3.344522e+05
Level_3 7.948279e-04 1.124822e-04 6.003380e-04 8.699894e-04 1.164000e+03 5 3.661170e+05
Level_4 1.526654e-03 3.678548e-04 1.072168e-03 2.088547e-03 4.300000e+03 6 7.041544e+05
RebuildHierarchy 2.295852e-03 3.954893e-05 2.245665e-03 2.349615e-03
SetBoundaryConditions 1.254499e-03 2.045891e-04 9.448528e-04 1.494646e-03
SolveHydroEquations 1.353860e-03 6.428401e-04 7.250309e-04 2.427340e-03
Total 7.265270e-03 2.904129e-05 7.215023e-03 7.283926e-03 6.132000e+03 20 2.110039e+05

Cycle_Number 9
Group_WriteAllData 0.000000e+00 0.000000e+00 0.000000e+00 0.000000e+00
Level_0 4.953146e-05 5.430242e-07 4.887581e-05 5.006790e-05 1.000000e+02 4 5.047297e+05
Level_1 1.319647e-04 1.014792e-04 3.004074e-05 2.369881e-04 1.880000e+02 2 3.561559e+05
Level_2 3.548265e-04 6.239086e-05 2.911091e-04 4.220009e-04 4.400000e+02 3 3.100107e+05
Level_3 7.241964e-04 6.079674e-06 7.169247e-04 7.319450e-04 1.304000e+03 5 4.501541e+05
Level_4 1.615167e-03 5.339870e-04 1.078367e-03 2.158880e-03 4.836000e+03 7 7.485296e+05
RebuildHierarchy 2.406776e-03 4.242323e-05 2.359390e-03 2.471209e-03
SetBoundaryConditions 1.204669e-03 2.464086e-04 9.357929e-04 1.603365e-03
SolveHydroEquations 1.542807e-03 7.281846e-04 5.400181e-04 2.444506e-03
Total 7.563531e-03 2.397404e-05 7.522106e-03 7.580042e-03 6.868000e+03 21 2.270104e+05

Cycle_Number 10
Group_WriteAllData 0.000000e+00 0.000000e+00 0.000000e+00 0.000000e+00
Level_0 6.526709e-05 6.695647e-06 5.412102e-05 7.104874e-05 1.000000e+02 4 3.830415e+05
Level_1 1.013279e-04 6.539822e-05 2.908707e-05 1.671314e-04 1.920000e+02 2 4.737096e+05
Level_2 3.229380e-04 1.114739e-04 2.110004e-04 4.367828e-04 4.640000e+02 3 3.592021e+05
Level_3 7.390976e-04 3.689715e-06 7.343292e-04 7.443428e-04 1.360000e+03 5 4.600204e+05
Level_4 1.576602e-03 6.013959e-04 9.651184e-04 2.180099e-03 5.096000e+03 7 8.080667e+05
RebuildHierarchy 2.308905e-03 4.787626e-05 2.246141e-03 2.380848e-03
SetBoundaryConditions 1.177371e-03 2.746072e-04 8.590221e-04 1.615047e-03
SolveHydroEquations 1.546204e-03 8.243098e-04 4.324913e-04 2.538919e-03
Total 7.410765e-03 3.455795e-05 7.351160e-03 7.435799e-03 7.212000e+03 21 2.432947e+05

Cycle_Number 11
Group_WriteAllData 0.000000e+00 0.000000e+00 0.000000e+00 0.000000e+00
Level_0 5.072355e-05 2.558838e-06 4.887581e-05 5.507469e-05 1.000000e+02 4 4.928677e+05
Level_1 1.292825e-04 5.398677e-05 3.695488e-05 1.680851e-04 2.040000e+02 3 3.944850e+05
Level_2 3.977418e-04 1.027969e-04 2.198219e-04 4.630089e-04 5.040000e+02 4 3.167884e+05
Level_3 7.305145e-04 4.119194e-06 7.252693e-04 7.359982e-04 1.480000e+03 6 5.064923e+05
Level_4 1.929462e-03 4.116817e-04 1.216650e-03 2.184391e-03 5.572000e+03 8 7.219629e+05
RebuildHierarchy 2.429187e-03 3.558527e-05 2.381563e-03 2.481222e-03
SetBoundaryConditions 1.381934e-03 6.388966e-04 8.780956e-04 2.460003e-03
SolveHydroEquations 1.709759e-03 5.959994e-04 9.636879e-04 2.492189e-03
Total 7.736444e-03 3.552037e-05 7.674932e-03 7.757902e-03 7.860000e+03 25 2.539926e+05

Cycle_Number 12
Group_WriteAllData 0.000000e+00 0.000000e+00 0.000000e+00 0.000000e+00
Level_0 4.953146e-05 4.256623e-07 4.911423e-05 5.006790e-05 1.000000e+02 4 5.047297e+05
Level_1 1.237988e-04 5.434960e-05 3.004074e-05 1.590252e-04 2.160000e+02 3 4.361915e+05
Level_2 4.000664e-04 1.092282e-04 2.110004e-04 4.680157e-04 5.520000e+02 4 3.449428e+05
Level_3 7.146597e-04 8.937517e-06 6.997585e-04 7.221699e-04 1.616000e+03 6 5.653040e+05
Level_4 1.911223e-03 3.788205e-04 1.255274e-03 2.144575e-03 6.108000e+03 8 7.989649e+05
RebuildHierarchy 2.406240e-03 3.457213e-05 2.362728e-03 2.459526e-03
SetBoundaryConditions 1.231194e-03 4.394584e-04 8.492470e-04 1.935720e-03
SolveHydroEquations 1.825869e-03 4.341680e-04 1.412392e-03 2.458572e-03
Total 7.603765e-03 2.581342e-05 7.559061e-03 7.619143e-03 8.592000e+03 25 2.824917e+05

Cycle_Number 13
Group_WriteAllData 0.000000e+00 0.000000e+00 0.000000e+00 0.000000e+00
Level_0 5.322695e-05 3.718011e-06 4.696846e-05 5.602837e-05 1.000000e+02 4 4.696869e+05
Level_1 1.297593e-04 5.725506e-05 3.194809e-05 1.718998e-04 2.280000e+02 3 4.392748e+05
Level_2 4.064441e-04 1.081697e-04 2.193451e-04 4.770756e-04 6.000000e+02 4 3.690545e+05
Level_3 7.362366e-04 8.308811e-06 7.231236e-04 7.438660e-04 1.772000e+03 6 6.017088e+05
Level_4 1.989186e-03 2.727093e-04 1.519203e-03 2.175808e-03 6.708000e+03 9 8.430585e+05
RebuildHierarchy 2.437413e-03 3.029154e-05 2.394676e-03 2.477407e-03
SetBoundaryConditions 1.228392e-03 1.845395e-04 9.155273e-04 1.364470e-03
SolveHydroEquations 1.946032e-03 4.089121e-04 1.337767e-03 2.489805e-03
Total 7.734179e-03 2.788810e-05 7.685900e-03 7.750988e-03 9.408000e+03 26 3.041047e+05

Cycle_Number 14
Group_WriteAllData 0.000000e+00 0.000000e+00 0.000000e+00 0.000000e+00
Level_0 5.078316e-05 7.907450e-07 5.006790e-05 5.197525e-05 1.000000e+02 4 4.922892e+05
Level_1 1.277924e-04 5.647627e-05 3.099442e-05 1.680851e-04 2.400000e+02 3 4.695116e+05
Level_2 3.939271e-04 1.014519e-04 2.183914e-04 4.591942e-04 6.480000e+02 4 4.112436e+05
Level_3 8.394122e-04 5.632875e-06 8.308887e-04 8.456707e-04 1.920000e+03 6 5.718287e+05
Level_4 2.382994e-03 1.616076e-04 2.204418e-03 2.562046e-03 7.308000e+03 7 7.666827e+05
RebuildHierarchy 2.545476e-03 3.767711e-05 2.485752e-03 2.578020e-03
SetBoundaryConditions 1.575172e-03 5.631047e-04 9.787083e-04 2.351046e-03
SolveHydroEquations 2.080977e-03 6.427576e-04 1.130581e-03 2.734900e-03
Total 8.285403e-03 2.787433e-05 8.237839e-03 8.308887e-03 1.021600e+04 24 3.082530e+05

Cycle_Number 15
Group_WriteAllData 0.000000e+00 0.000000e+00 0.000000e+00 0.000000e+00
Level_0 5.167723e-05 1.482946e-06 4.982948e-05 5.388260e-05 1.000000e+02 4 4.837721e+05
Level_1 1.232624e-04 5.276732e-05 3.194809e-05 1.571178e-04 2.520000e+02 3 5.111047e+05
Level_2 3.986955e-04 1.066150e-04 2.140999e-04 4.649162e-04 6.960000e+02 4 4.364233e+05
Level_3 9.088516e-04 4.476305e-06 9.012222e-04 9.126663e-04 2.068000e+03 5 5.688497e+05
Level_4 2.166688e-03 7.670923e-04 1.351833e-03 2.974033e-03 7.900000e+03 7 9.115293e+05
RebuildHierarchy 2.395749e-03 5.317710e-05 2.338171e-03 2.476692e-03
SetBoundaryConditions 1.435280e-03 3.492053e-04 9.899139e-04 1.924992e-03
SolveHydroEquations 2.048314e-03 1.130798e-03 7.455349e-04 3.268003e-03
Total 8.497179e-03 2.861886e-05 8.448839e-03 8.518934e-03 1.101600e+04 23 3.241076e+05

Cycle_Number 16
Group_WriteAllData 0.000000e+00 0.000000e+00 0.000000e+00 0.000000e+00
Level_0 5.060434e-05 1.148067e-06 4.911423e-05 5.221367e-05 1.000000e+02 4 4.940287e+05
Level_1 1.289845e-04 5.446417e-05 3.480911e-05 1.630783e-04 2.640000e+02 3 5.116896e+05
Level_2 3.932714e-04 1.035168e-04 2.140999e-04 4.577637e-04 7.440000e+02 4 4.729558e+05
Level_3 9.978414e-04 2.267086e-04 6.070137e-04 1.150370e-03 2.216000e+03 6 5.551985e+05
Level_4 3.119886e-03 6.809812e-05 3.031731e-03 3.194571e-03 8.488000e+03 10 6.801531e+05
RebuildHierarchy 2.763271e-03 9.320367e-05 2.675056e-03 2.903461e-03
SetBoundaryConditions 2.224207e-03 9.700876e-04 1.109123e-03 3.309488e-03
SolveHydroEquations 2.294362e-03 1.236118e-03 8.325577e-04 3.643036e-03
Total 9.581745e-03 3.095421e-05 9.528160e-03 9.600878e-03 1.181200e+04 27 3.081902e+05

Cycle_Number 17
Group_WriteAllData 0.000000e+00 0.000000e+00 0.000000e+00 0.000000e+00
Level_0 5.048513e-05 1.530111e-06 4.792213e-05 5.197525e-05 1.000000e+02 4 4.951953e+05
Level_1 1.334548e-04 5.725506e-05 3.504753e-05 1.728535e-04 2.760000e+02 3 5.170290e+05
Level_2 3.980398e-04 1.000453e-04 2.250671e-04 4.639626e-04 7.920000e+02 4 4.974377e+05
Level_3 1.017392e-03 2.069680e-04 6.780624e-04 1.194477e-03 2.348000e+03 6 5.769656e+05
Level_4 2.828121e-03 1.823403e-04 2.534866e-03 3.021240e-03 9.008000e+03 9 7.962884e+05
RebuildHierarchy 2.840757e-03 6.141026e-05 2.781630e-03 2.929449e-03
SetBoundaryConditions 1.904905e-03 5.749428e-04 1.168966e-03 2.665281e-03
SolveHydroEquations 2.469063e-03 8.274977e-04 1.406670e-03 3.484249e-03
Total 9.526730e-03 2.864994e-05 9.477139e-03 9.544849e-03 1.252400e+04 26 3.286542e+05

Cycle_Number 18
Group_WriteAllData 0.000000e+00 0.000000e+00 0.000000e+00 0.000000e+00
Level_0 5.227327e-05 5.161914e-07 5.197525e-05 5.316734e-05 1.000000e+02 4 4.782559e+05
Level_1 1.290441e-04 5.487419e-05 3.409386e-05 1.640320e-04 2.880000e+02 3 5.579490e+05
Level_2 3.975630e-04 1.060067e-04 2.140999e-04 4.649162e-04 8.400000e+02 4 5.282182e+05
Level_3 1.076698e-03 2.538941e-04 6.844997e-04 1.305342e-03 2.504000e+03 6 5.814071e+05
Level_4 2.902091e-03 1.647699e-04 2.617121e-03 3.011227e-03 9.628000e+03 9 8.294021e+05
RebuildHierarchy 2.962410e-03 5.374776e-05 2.895355e-03 3.040314e-03
SetBoundaryConditions 2.000630e-03 6.364177e-04 1.357794e-03 2.788544e-03
SolveHydroEquations 2.588570e-03 8.376682e-04 1.592159e-03 3.444910e-03
Total 9.922981e-03 2.348393e-05 9.882927e-03 9.943008e-03 1.336000e+04 26 3.365924e+05

Cycle_Number 19
Group_WriteAllData 0.000000e+00 0.000000e+00 0.000000e+00 0.000000e+00
Level_0 6.508827e-05 6.743496e-07 6.413460e-05 6.604195e-05 1.000000e+02 4 3.840938e+05
Level_1 1.522899e-04 6.437266e-05 4.124641e-05 1.981258e-04 2.880000e+02 3 4.727826e+05
Level_2 4.266500e-04 9.706016e-05 2.601147e-04 4.949570e-04 8.480000e+02 4 4.968944e+05
Level_3 1.149654e-03 3.399269e-04 6.413460e-04 1.470089e-03 2.504000e+03 6 5.445115e+05
Level_4 3.087997e-03 5.602405e-05 2.991676e-03 3.131151e-03 9.644000e+03 10 7.807649e+05
RebuildHierarchy 3.327549e-03 7.370458e-05 3.260851e-03 3.452063e-03
SetBoundaryConditions 2.321780e-03 7.294593e-04 1.415968e-03 3.268719e-03
SolveHydroEquations 2.682865e-03 8.592465e-04 1.379728e-03 3.593922e-03
Total 1.088727e-02 2.851495e-05 1.083803e-02 1.090598e-02 1.338400e+04 27 3.073315e+05

Cycle_Number 20
Group_WriteAllData 0.000000e+00 0.000000e+00 0.000000e+00 0.000000e+00
Level_0 7.247925e-05 8.405734e-06 5.793571e-05 7.796288e-05 1.000000e+02 4 3.449263e+05
Level_1 1.459718e-04 5.996295e-05 4.220009e-05 1.838207e-04 2.880000e+02 3 4.932460e+05
Level_2 4.122257e-04 9.795189e-05 2.429485e-04 4.749298e-04 8.480000e+02 4 5.142813e+05
Level_3 1.107454e-03 3.216318e-04 6.155968e-04 1.402378e-03 2.460000e+03 6 5.553277e+05
Level_4 3.097653e-03 8.374476e-05 2.964735e-03 3.178835e-03 9.456000e+03 11 7.631583e+05
RebuildHierarchy 3.142536e-03 8.616620e-05 3.079653e-03 3.290653e-03
SetBoundaryConditions 2.305150e-03 7.725101e-04 1.423120e-03 3.333330e-03
SolveHydroEquations 2.650797e-03 9.320859e-04 1.190424e-03 3.512383e-03
Total 1.058215e-02 3.511371e-05 1.052189e-02 1.060796e-02 1.315200e+04 28 3.107119e+05

Cycle_Number 21
Group_WriteAllData 0.000000e+00 0.000000e+00 0.000000e+00 0.000000e+00
Level_0 5.275011e-05 1.342098e-06 5.197525e-05 5.507469e-05 1.000000e+02 4 4.739327e+05
Level_1 1.353621e-04 6.129059e-05 2.980232e-05 1.766682e-04 2.880000e+02 3 5.319065e+05
Level_2 4.107952e-04 1.040687e-04 2.307892e-04 4.789829e-04 8.480000e+02 4 5.160722e+05
Level_3 1.101136e-03 3.239585e-04 6.165504e-04 1.403809e-03 2.416000e+03 6 5.485243e+05
Level_4 2.956033e-03 1.064069e-04 2.830982e-03 3.093004e-03 9.304000e+03 9 7.868654e+05
RebuildHierarchy 2.965629e-03 9.078449e-05 2.882957e-03 3.114700e-03
SetBoundaryConditions 2.309918e-03 7.844862e-04 1.409054e-03 3.272057e-03
SolveHydroEquations 2.514780e-03 9.670558e-04 1.069784e-03 3.418207e-03
Total 1.010257e-02 3.676225e-05 1.003909e-02 1.012707e-02 1.295600e+04 26 3.206115e+05

Cycle_Number 22
Group_WriteAllData 0.000000e+00 0.000000e+00 0.000000e+00 0.000000e+00
Level_0 5.531311e-05 7.907450e-07 5.412102e-05 5.602837e-05 1.000000e+02 4 4.519724e+05
Level_1 1.414418e-04 5.931890e-05 3.886223e-05 1.809597e-04 2.880000e+02 3 5.090432e+05
Level_2 4.184842e-04 1.095519e-04 2.288818e-04 4.880428e-04 8.480000e+02 4 5.065902e+05
Level_3 1.097381e-03 3.207490e-04 6.272793e-04 1.401901e-03 2.368000e+03 6 5.394662e+05
Level_4 2.930701e-03 4.777850e-05 2.881050e-03 2.994299e-03 9.108000e+03 9 7.769473e+05
RebuildHierarchy 2.990127e-03 8.705160e-05 2.906322e-03 3.132105e-03
SetBoundaryConditions 2.290249e-03 7.854640e-04 1.413345e-03 3.281116e-03
SolveHydroEquations 2.507091e-03 9.746708e-04 1.055479e-03 3.447533e-03
Total 1.009327e-02 4.679249e-06 1.008606e-02 1.009893e-02 1.271200e+04 26 3.148632e+05

Cycle_Number 23
Group_WriteAllData 0.000000e+00 0.000000e+00 0.000000e+00 0.000000e+00
Level_0 8.428097e-05 7.652642e-06 7.104874e-05 8.916855e-05 1.000000e+02 4 2.966269e+05
Level_1 1.676679e-04 6.914147e-05 4.792213e-05 2.090931e-04 2.880000e+02 3 4.294204e+05
Level_2 4.407167e-04 9.717663e-05 2.739429e-04 5.121231e-04 8.480000e+02 4 4.810346e+05
Level_3 1.138389e-03 3.521094e-04 6.506443e-04 1.485348e-03 2.324000e+03 6 5.103703e+05
Level_4 2.992749e-03 4.536145e-05 2.927065e-03 3.042936e-03 8.924000e+03 10 7.454684e+05
RebuildHierarchy 3.128231e-03 9.218947e-05 3.039598e-03 3.282785e-03
SetBoundaryConditions 2.387822e-03 7.657824e-04 1.367092e-03 3.396034e-03
SolveHydroEquations 2.620757e-03 9.345374e-04 1.168489e-03 3.610134e-03
Total 1.059878e-02 5.602925e-05 1.050210e-02 1.063895e-02 1.248400e+04 27 2.944679e+05

Cycle_Number 24
Group_WriteAllData 0.000000e+00 0.000000e+00 0.000000e+00 0.000000e+00
Level_0 5.549192e-05 1.148067e-06 5.388260e-05 5.698204e-05 1.000000e+02 4 4.505160e+05
Level_1 1.285076e-04 5.522698e-05 3.290176e-05 1.630783e-04 2.880000e+02 3 5.602781e+05
Level_2 4.291534e-04 1.207970e-04 2.200603e-04 5.052090e-04 8.480000e+02 4 4.939958e+05
Level_3 1.093328e-03 1.993858e-04 8.039474e-04 1.289606e-03 2.276000e+03 6 5.204294e+05
Level_4 2.834499e-03 4.023640e-05 2.768040e-03 2.875090e-03 8.724000e+03 9 7.694482e+05
RebuildHierarchy 3.032923e-03 7.363140e-05 2.967119e-03 3.157377e-03
SetBoundaryConditions 2.113223e-03 6.146224e-04 1.480103e-03 2.938986e-03
SolveHydroEquations 2.505541e-03 7.613031e-04 1.321793e-03 3.297806e-03
Total 9.962678e-03 2.825461e-05 9.913921e-03 9.980917e-03 1.223600e+04 26 3.070460e+05

Cycle_Number 25
Group_WriteAllData 0.000000e+00 0.000000e+00 0.000000e+00 0.000000e+00
Level_0 5.543232e-05 3.576279e-07 5.507469e-05 5.578995e-05 1.000000e+02 4 4.510004e+05
Level_1 1.296997e-04 5.647753e-05 3.194809e-05 1.640320e-04 2.880000e+02 3 5.551285e+05
Level_2 4.153848e-04 1.130042e-04 2.198219e-04 4.878044e-04 8.480000e+02 4 5.103702e+05
Level_3 1.103401e-03 3.388723e-04 6.315708e-04 1.435280e-03 2.232000e+03 6 5.057091e+05
Level_4 2.938449e-03 1.148299e-05 2.921581e-03 2.954006e-03 8.528000e+03 9 7.255527e+05
RebuildHierarchy 3.025711e-03 8.792465e-05 2.938032e-03 3.169060e-03
SetBoundaryConditions 2.395928e-03 7.584339e-04 1.432180e-03 3.342390e-03
SolveHydroEquations 2.439737e-03 9.253222e-04 1.080275e-03 3.501654e-03
Total 1.002491e-02 7.585496e-06 1.001883e-02 1.003790e-02 1.199600e+04 26 2.991549e+05

Cycle_Number 26
Group_WriteAllData 0.000000e+00 0.000000e+00 0.000000e+00 0.000000e+00
Level_0 5.310774e-05 1.220077e-06 5.197525e-05 5.507469e-05 1.000000e+02 4 4.707412e+05
Level_1 1.274347e-04 5.641648e-05 2.980232e-05 1.637936e-04 2.880000e+02 3 5.649951e+05
Level_2 4.162192e-04 1.140256e-04 2.188683e-04 4.889965e-04 8.480000e+02 4 5.093470e+05
Level_3 1.083791e-03 3.469312e-04 6.284714e-04 1.426935e-03 2.188000e+03 6 5.047097e+05
Level_4 2.909124e-03 1.034634e-05 2.898216e-03 2.923727e-03 8.408000e+03 8 7.225543e+05
RebuildHierarchy 2.911747e-03 8.324418e-05 2.818584e-03 3.046036e-03
SetBoundaryConditions 2.419829e-03 7.303518e-04 1.354456e-03 3.282785e-03
SolveHydroEquations 2.378583e-03 8.865367e-04 1.121521e-03 3.540277e-03
Total 9.931445e-03 3.724236e-05 9.866953e-03 9.953976e-03 1.183200e+04 25 2.978419e+05

Cycle_Number 27
Group_WriteAllData 0.000000e+00 0.000000e+00 0.000000e+00 0.000000e+00
Level_0 5.197525e-05 6.743496e-07 5.102158e-05 5.292892e-05 1.000000e+02 4 4.809982e+05
Level_1 1.317263e-04 5.710274e-05 3.290176e-05 1.668930e-04 2.880000e+02 3 5.465880e+05
Level_2 4.196763e-04 1.142375e-04 2.219677e-04 4.925728e-04 8.480000e+02 4 5.051512e+05
Level_3 1.094222e-03 3.629084e-04 6.334782e-04 1.454115e-03 2.144000e+03 6 4.898457e+05
Level_4 2.970338e-03 9.740938e-06 2.959967e-03 2.985001e-03 8.240000e+03 9 6.935238e+05
RebuildHierarchy 3.021777e-03 8.641175e-05 2.909184e-03 3.151655e-03
SetBoundaryConditions 2.506137e-03 7.591880e-04 1.337528e-03 3.366709e-03
SolveHydroEquations 2.371609e-03 9.115328e-04 1.110077e-03 3.635883e-03
Total 1.013470e-02 3.111340e-05 1.008177e-02 1.016188e-02 1.162000e+04 26 2.866391e+05

Cycle_Number 28
Group_WriteAllData 0.000000e+00 0.000000e+00 0.000000e+00 0.000000e+00
Level_0 6.067753e-05 1.819651e-06 5.888939e-05 6.294250e-05 1.000000e+02 4 4.120141e+05
Level_1 1.299977e-04 5.717260e-05 3.099442e-05 1.649857e-04 2.880000e+02 3 5.538558e+05
Level_2 4.255772e-04 1.190145e-04 2.195835e-04 5.011559e-04 8.480000e+02 4 4.981470e+05
Level_3 1.045287e-03 2.490389e-04 7.147789e-04 1.301765e-03 2.064000e+03 8 4.936445e+05
Level_4 2.852261e-03 6.160857e-05 2.780676e-03 2.922773e-03 7.888000e+03 12 6.913813e+05
RebuildHierarchy 2.848327e-03 6.786650e-05 2.778769e-03 2.960205e-03
SetBoundaryConditions 2.234101e-03 5.727567e-04 1.389980e-03 2.874374e-03
SolveHydroEquations 2.392054e-03 7.084274e-04 1.481056e-03 3.395796e-03
Total 9.737313e-03 3.102941e-05 9.685040e-03 9.761095e-03 1.118800e+04 31 2.872456e+05

Cycle_Number 29
Group_WriteAllData 0.000000e+00 0.000000e+00 0.000000e+00 0.000000e+00
Level_0 5.203485e-05 1.584856e-06 5.006790e-05 5.412102e-05 1.000000e+02 4 4.804472e+05
Level_1 1.308322e-04 5.518666e-05 3.528595e-05 1.652241e-04 2.840000e+02 3 5.426799e+05
Level_2 3.896952e-04 1.089761e-04 2.157688e-04 4.849434e-04 8.320000e+02 4 5.337505e+05
Level_3 9.112358e-04 2.347075e-04 6.811619e-04 1.303911e-03 1.976000e+03 7 5.421209e+05
Level_4 2.631426e-03 3.728908e-05 2.591133e-03 2.673149e-03 7.516000e+03 9 7.140615e+05
RebuildHierarchy 2.708495e-03 5.923691e-05 2.651215e-03 2.807140e-03
SetBoundaryConditions 2.035856e-03 5.870427e-04 1.153469e-03 2.746105e-03
SolveHydroEquations 2.273321e-03 6.788864e-04 1.299620e-03 3.183126e-03
Total 9.119213e-03 2.901779e-05 9.068966e-03 9.136915e-03 1.070800e+04 27 2.935560e+05

Cycle_Number 30
Group_WriteAllData 0.000000e+00 0.000000e+00 0.000000e+00 0.000000e+00
Level_0 5.143881e-05 1.148067e-06 4.982948e-05 5.292892e-05 1.000000e+02 4 4.860144e+05
Level_1 1.307130e-04 5.593505e-05 3.385544e-05 1.640320e-04 2.880000e+02 3 5.508251e+05
Level_2 4.270077e-04 1.166828e-04 2.250671e-04 5.018711e-04 8.480000e+02 4 4.964782e+05
Level_3 1.022637e-03 2.818856e-04 6.930828e-04 1.310349e-03 2.008000e+03 6 4.908878e+05
Level_4 2.787530e-03 6.063439e-05 2.686977e-03 2.839088e-03 7.676000e+03 8 6.884230e+05
RebuildHierarchy 2.857864e-03 6.719141e-05 2.777100e-03 2.963781e-03
SetBoundaryConditions 2.272964e-03 5.704713e-04 1.357794e-03 2.928257e-03
SolveHydroEquations 2.313495e-03 7.076348e-04 1.353741e-03 3.345728e-03
Total 9.614706e-03 2.987043e-05 9.562969e-03 9.632111e-03 1.092000e+04 25 2.839400e+05

Cycle_Number 31
Group_WriteAllData 0.000000e+00 0.000000e+00 0.000000e+00 0.000000e+00
Level_0 5.191565e-05 1.016779e-06 5.078316e-05 5.292892e-05 1.000000e+02 4 4.815504e+05
Level_1 1.342297e-04 5.791977e-05 3.409386e-05 1.707077e-04 2.880000e+02 3 5.363941e+05
Level_2 4.295707e-04 1.177326e-04 2.257824e-04 5.040169e-04 8.480000e+02 4 4.935160e+05
Level_3 1.032948e-03 2.874781e-04 7.071495e-04 1.320601e-03 1.960000e+03 6 4.743702e+05
Level_4 2.862394e-03 5.217021e-05 2.788067e-03 2.921820e-03 7.488000e+03 8 6.539980e+05
RebuildHierarchy 2.862453e-03 7.161989e-05 2.773046e-03 2.973318e-03
SetBoundaryConditions 2.360046e-03 6.205455e-04 1.319647e-03 2.960920e-03
SolveHydroEquations 2.301931e-03 7.467763e-04 1.404762e-03 3.479004e-03
Total 9.702265e-03 3.561521e-05 9.640932e-03 9.728909e-03 1.068400e+04 25 2.752965e+05

Cycle_Number 32
Group_WriteAllData 0.000000e+00 0.000000e+00 0.000000e+00 0.000000e+00
Level_0 5.578995e-05 4.129531e-07 5.507469e-05 5.602837e-05 1.000000e+02 4 4.481094e+05
Level_1 1.308918e-04 5.651149e-05 3.314018e-05 1.680851e-04 2.880000e+02 3 5.500727e+05
Level_2 4.393458e-04 1.248838e-04 2.231598e-04 5.180836e-04 8.480000e+02 4 4.825356e+05
Level_3 1.047790e-03 3.716171e-04 6.539822e-04 1.431942e-03 1.916000e+03 6 4.571527e+05
Level_4 2.926648e-03 2.047860e-05 2.901077e-03 2.948046e-03 7.256000e+03 8 6.198218e+05
RebuildHierarchy 2.911806e-03 8.035148e-05 2.816916e-03 3.039360e-03
SetBoundaryConditions 2.578735e-03 6.683706e-04 1.480103e-03 3.288984e-03
SolveHydroEquations 2.242029e-03 8.491330e-04 1.091719e-03 3.489494e-03
Total 9.978533e-03 2.845134e-05 9.930134e-03 9.999037e-03 1.040800e+04 25 2.607598e+05

Cycle_Number 33
Group_WriteAllData 0.000000e+00 0.000000e+00 0.000000e+00 0.000000e+00
Level_0 5.352497e-05 2.026558e-06 5.006790e-05 5.507469e-05 1.000000e+02 4 4.670717e+05
Level_1 1.329780e-04 5.932249e-05 3.027916e-05 1.699924e-04 2.880000e+02 3 5.414431e+05
Level_2 3.279448e-04 8.072335e-05 2.210140e-04 4.119873e-04 5.080000e+02 5 3.872603e+05
Level_3 9.725690e-04 2.186306e-04 7.047653e-04 1.190186e-03 1.868000e+03 7 4.801716e+05
Level_4 2.548695e-03 5.349164e-05 2.493620e-03 2.625227e-03 7.044000e+03 10 6.909419e+05
RebuildHierarchy 2.779901e-03 5.435274e-05 2.735376e-03 2.872944e-03
SetBoundaryConditions 1.927614e-03 2.868914e-04 1.445055e-03 2.146959e-03
SolveHydroEquations 2.194583e-03 4.085706e-04 1.759052e-03 2.860308e-03
Total 9.110987e-03 3.006267e-05 9.058952e-03 9.130001e-03 9.808000e+03 29 2.691256e+05

Cycle_Number 34
Group_WriteAllData 0.000000e+00 0.000000e+00 0.000000e+00 0.000000e+00
Level_0 5.131960e-05 1.135621e-06 5.006790e-05 5.316734e-05 1.000000e+02 4 4.871433e+05
Level_1 1.327395e-04 5.808426e-05 3.218651e-05 1.690388e-04 2.880000e+02 3 5.424156e+05
Level_2 3.280044e-04 8.058325e-05 2.219677e-04 4.112720e-04 5.000000e+02 5 3.810925e+05
Level_3 1.038194e-03 4.306946e-04 5.643368e-04 1.476049e-03 1.828000e+03 6 4.401876e+05
Level_4 2.773881e-03 5.438087e-06 2.767324e-03 2.780676e-03 6.916000e+03 8 6.233144e+05
RebuildHierarchy 2.998650e-03 8.228004e-05 2.895117e-03 3.125429e-03
SetBoundaryConditions 2.485633e-03 6.971181e-04 1.338005e-03 3.185749e-03
SolveHydroEquations 2.119303e-03 8.427556e-04 1.122952e-03 3.446579e-03
Total 9.826422e-03 2.685042e-05 9.779930e-03 9.842873e-03 9.632000e+03 26 2.450536e+05

Cycle_Number 35
Group_WriteAllData 0.000000e+00 0.000000e+00 0.000000e+00 0.000000e+00
Level_0 5.227327e-05 2.219823e-06 5.006790e-05 5.483627e-05 1.000000e+02 4 4.782559e+05
Level_1 1.356006e-04 6.058844e-05 3.075600e-05 1.747608e-04 2.880000e+02 3 5.309712e+05
Level_2 3.170371e-04 8.433994e-05 2.200603e-04 4.458427e-04 4.800000e+02 5 3.785046e+05
Level_3 9.480715e-04 1.659197e-04 7.655621e-04 1.185417e-03 1.748000e+03 6 4.609357e+05
Level_4 2.447784e-03 2.910070e-04 2.141953e-03 2.740145e-03 6.580000e+03 9 6.720364e+05
RebuildHierarchy 2.802253e-03 5.306688e-05 2.730608e-03 2.880096e-03
SetBoundaryConditions 1.849651e-03 3.841131e-04 1.220703e-03 2.228737e-03
SolveHydroEquations 2.143383e-03 6.239233e-04 1.619339e-03 3.209114e-03
Total 9.295344e-03 1.347170e-05 9.272099e-03 9.305000e-03 9.196000e+03 27 2.473281e+05

Cycle_Number 36
Group_WriteAllData 1.491541e-02 2.008199e-05 1.490188e-02 1.495004e-02
Level_0 6.425381e-05 1.353957e-06 6.294250e-05 6.604195e-05 1.000000e+02 4 3.890820e+05
Level_1 7.051229e-05 2.641360e-05 2.598763e-05 9.298325e-05 1.020000e+02 4 3.616391e+05
Level_2 1.659393e-04 4.377140e-05 1.158714e-04 2.110004e-04 2.400000e+02 5 3.615779e+05
Level_3 3.327131e-04 1.938865e-05 2.999306e-04 3.480911e-04 6.520000e+02 6 4.899115e+05
Level_4 6.972551e-04 1.365705e-04 5.607605e-04 8.401871e-04 2.032000e+03 11 7.285712e+05
RebuildHierarchy 1.009464e-03 6.946946e-06 1.001120e-03 1.018286e-03
SetBoundaryConditions 5.717874e-04 1.180699e-04 4.327297e-04 7.591248e-04
SolveHydroEquations 7.629991e-04 2.073589e-04 4.899502e-04 1.043558e-03
Total 1.842427e-02 5.259467e-05 1.833320e-02 1.845598e-02 3.126000e+03 30 4.241687e+04

Cycle_Number 37
Group_WriteAllData 0.000000e+00 0.000000e+00 0.000000e+00 0.000000e+00
Level_0 9.679794e-05 2.795706e-06 9.202957e-05 9.918213e-05 1.000000e+02 4 2.582700e+05
Level_1 1.484752e-04 6.101196e-05 4.315376e-05 1.909733e-04 2.040000e+02 4 3.434918e+05
Level_2 3.616810e-04 1.147093e-04 2.372265e-04 4.808903e-04 4.720000e+02 5 3.262544e+05
Level_3 9.674430e-04 2.404422e-04 5.841255e-04 1.179695e-03 1.716000e+03 6 4.434370e+05
Level_4 2.701223e-03 3.307059e-04 2.172709e-03 2.988338e-03 6.444000e+03 10 5.963965e+05
RebuildHierarchy 2.781212e-03 4.561072e-05 2.735615e-03 2.852201e-03
SetBoundaryConditions 2.167225e-03 5.932475e-04 1.343489e-03 3.018379e-03
SolveHydroEquations 2.229154e-03 7.123823e-04 1.690149e-03 3.449678e-03
Total 9.606481e-03 3.145567e-05 9.552002e-03 9.624958e-03 8.936000e+03 29 2.325513e+05

Cycle_Number 38
Group_WriteAllData 0.000000e+00 0.000000e+00 0.000000e+00 0.000000e+00
Level_0 5.328655e-05 2.762468e-06 5.006790e-05 5.602837e-05 1.000000e+02 4 4.691615e+05
Level_1 1.262426e-04 5.068554e-05 3.910065e-05 1.630783e-04 2.000000e+02 4 3.960627e+05
Level_2 3.020763e-04 7.875630e-05 2.112389e-04 4.150867e-04 4.560000e+02 4 3.773880e+05
Level_3 8.610487e-04 2.667931e-04 6.132126e-04 1.287699e-03 1.668000e+03 6 4.842932e+05
Level_4 2.604663e-03 4.567268e-05 2.549648e-03 2.675772e-03 6.708000e+03 8 6.438452e+05
RebuildHierarchy 2.847016e-03 6.317336e-05 2.769947e-03 2.945662e-03
SetBoundaryConditions 2.208114e-03 5.800620e-04 1.230240e-03 2.744436e-03
SolveHydroEquations 2.047956e-03 6.113153e-04 1.360416e-03 3.036261e-03
Total 9.337544e-03 2.748362e-05 9.289980e-03 9.355068e-03 9.132000e+03 26 2.444968e+05

Cycle_Number 39
Group_WriteAllData 0.000000e+00 0.000000e+00 0.000000e+00 0.000000e+00
Level_0 6.550550e-05 8.557160e-06 5.698204e-05 7.510185e-05 1.000000e+02 4 3.816473e+05
Level_1 1.310706e-04 4.945947e-05 4.601479e-05 1.690388e-04 1.920000e+02 3 3.662148e+05
Level_2 2.960563e-04 9.501248e-05 2.057552e-04 4.558563e-04 4.480000e+02 4 3.783065e+05
Level_3 8.753538e-04 1.225130e-04 7.822514e-04 1.081228e-03 1.636000e+03 5 4.672396e+05
Level_4 2.449095e-03 4.726484e-04 1.970530e-03 2.928495e-03 6.196000e+03 7 6.324785e+05
RebuildHierarchy 2.533734e-03 3.915925e-05 2.471447e-03 2.577543e-03
SetBoundaryConditions 1.601398e-03 3.371438e-04 1.138687e-03 2.039671e-03
SolveHydroEquations 1.957238e-03 9.881002e-04 9.343624e-04 3.408432e-03
Total 8.967996e-03 4.040245e-05 8.898020e-03 8.991957e-03 8.572000e+03 23 2.389609e+05

Cycle_Number 40
Group_WriteAllData 0.000000e+00 0.000000e+00 0.000000e+00 0.000000e+00
Level_0 5.328655e-05 1.353957e-06 5.197525e-05 5.507469e-05 1.000000e+02 4 4.691615e+05
Level_1 1.173019e-04 5.104385e-05 3.004074e-05 1.540184e-04 1.920000e+02 3 4.092004e+05
Level_2 2.792478e-04 8.510915e-05 1.962185e-04 4.217625e-04 4.400000e+02 4 3.939154e+05
Level_3 8.078218e-04 1.020965e-04 7.421970e-04 9.844303e-04 1.584000e+03 6 4.902072e+05
Level_4 2.265632e-03 2.538075e-04 2.008677e-03 2.532721e-03 5.936000e+03 8 6.550048e+05
RebuildHierarchy 2.537966e-03 3.494805e-05 2.485037e-03 2.577305e-03
SetBoundaryConditions 1.653850e-03 3.838836e-04 9.901524e-04 1.912117e-03
SolveHydroEquations 1.919866e-03 6.003103e-04 1.441002e-03 2.911329e-03
Total 8.342505e-03 3.698294e-05 8.280039e-03 8.371830e-03 8.252000e+03 25 2.472878e+05

Cycle_Number 41
Group_WriteAllData 0.000000e+00 0.000000e+00 0.000000e+00 0.000000e+00
Level_0 5.245209e-05 1.066240e-06 5.102158e-05 5.388260e-05 1.000000e+02 4 4.766255e+05
Level_1 1.161098e-04 4.977669e-05 3.004074e-05 1.480579e-04 1.920000e+02 3 4.134016e+05
Level_2 2.720952e-04 7.881787e-05 1.897812e-04 4.022121e-04 4.280000e+02 4 3.932447e+05
Level_3 7.745624e-04 9.451821e-05 7.147789e-04 9.381771e-04 1.536000e+03 5 4.957638e+05
Level_4 2.185047e-03 3.373885e-04 1.832962e-03 2.529621e-03 5.720000e+03 7 6.544483e+05
RebuildHierarchy 2.539277e-03 2.935963e-05 2.488852e-03 2.562284e-03
SetBoundaryConditions 1.462162e-03 2.630740e-04 1.011133e-03 1.652718e-03
SolveHydroEquations 1.868248e-03 6.305683e-04 1.228094e-03 2.824545e-03
Total 8.251309e-03 2.744016e-05 8.203983e-03 8.270025e-03 7.976000e+03 23 2.416586e+05

Cycle_Number 42
Group_WriteAllData 0.000000e+00 0.000000e+00 0.000000e+00 0.000000e+00
Level_0 5.269051e-05 1.839071e-06 5.078316e-05 5.507469e-05 1.000000e+02 4 4.744688e+05
Level_1 1.183152e-04 5.125677e-05 3.027916e-05 1.530647e-04 1.880000e+02 3 3.972439e+05
Level_2 2.748966e-04 7.864887e-05 2.002716e-04 4.072189e-04 4.160000e+02 4 3.783240e+05
Level_3 7.978082e-04 1.383492e-04 6.799698e-04 1.022816e-03 1.496000e+03 5 4.687844e+05
Level_4 2.129197e-03 1.562963e-04 1.979828e-03 2.346516e-03 5.540000e+03 9 6.504799e+05
RebuildHierarchy 2.659261e-03 3.274477e-05 2.610922e-03 2.696276e-03
SetBoundaryConditions 1.543045e-03 3.292818e-04 1.005888e-03 1.888037e-03
SolveHydroEquations 1.848459e-03 5.141855e-04 1.368284e-03 2.710104e-03
Total 8.325279e-03 2.903346e-05 8.275032e-03 8.343935e-03 7.740000e+03 25 2.324246e+05

Cycle_Number 43
Group_WriteAllData 0.000000e+00 0.000000e+00 0.000000e+00 0.000000e+00
Level_0 5.197525e-05 2.030061e-06 4.982948e-05 5.412102e-05 1.000000e+02 4 4.809982e+05
Level_1 1.169443e-04 5.129838e-05 2.908707e-05 1.530647e-04 1.840000e+02 3 3.933496e+05
Level_2 2.709627e-04 7.616615e-05 1.978874e-04 3.988743e-04 4.040000e+02 4 3.727450e+05
Level_3 7.578135e-04 1.839874e-04 6.494522e-04 1.076460e-03 1.456000e+03 5 4.803293e+05
Level_4 2.211988e-03 1.658600e-04 2.038717e-03 2.380848e-03 5.440000e+03 8 6.148316e+05
RebuildHierarchy 2.648830e-03 4.043252e-05 2.589226e-03 2.697229e-03
SetBoundaryConditions 1.644313e-03 4.112355e-04 9.694099e-04 2.007723e-03
SolveHydroEquations 1.798987e-03 6.169145e-04 1.216412e-03 2.835751e-03
Total 8.369744e-03 5.356133e-06 8.362055e-03 8.377075e-03 7.584000e+03 24 2.265302e+05

Cycle_Number 44
Group_WriteAllData 0.000000e+00 0.000000e+00 0.000000e+00 0.000000e+00
Level_0 7.271767e-05 2.953890e-06 6.985664e-05 7.700920e-05 1.000000e+02 4 3.437954e+05
Level_1 1.446009e-04 6.404735e-05 3.695488e-05 1.931190e-04 1.840000e+02 3 3.181170e+05
Level_2 3.166795e-04 7.707826e-05 2.388954e-04 4.448891e-04 3.960000e+02 4 3.126189e+05
Level_3 7.937551e-04 1.433017e-04 6.368160e-04 1.014948e-03 1.408000e+03 5 4.434617e+05
Level_4 2.227426e-03 3.326291e-04 1.889229e-03 2.563953e-03 5.268000e+03 8 5.912655e+05
RebuildHierarchy 2.560854e-03 2.592028e-05 2.519846e-03 2.588987e-03
SetBoundaryConditions 1.538098e-03 2.128584e-04 1.228094e-03 1.820564e-03
SolveHydroEquations 1.904249e-03 6.188442e-04 1.195669e-03 2.760172e-03
Total 8.558035e-03 3.026179e-05 8.505821e-03 8.578062e-03 7.356000e+03 24 2.148858e+05

Cycle_Number 45
Group_WriteAllData 0.000000e+00 0.000000e+00 0.000000e+00 0.000000e+00
Level_0 8.326769e-05 1.091188e-05 6.484985e-05 9.298325e-05 1.000000e+02 4 3.002365e+05
Level_1 1.294017e-04 3.913856e-05 6.175041e-05 1.549721e-04 1.800000e+02 3 3.477544e+05
Level_2 2.682209e-04 7.236249e-05 1.959801e-04 3.888607e-04 3.840000e+02 4 3.579139e+05
Level_3 7.455349e-04 1.745492e-04 6.427765e-04 1.047850e-03 1.368000e+03 5 4.587310e+05
Level_4 2.183497e-03 3.349295e-04 1.848221e-03 2.522230e-03 5.084000e+03 7 5.820938e+05
RebuildHierarchy 2.589226e-03 3.697410e-05 2.533436e-03 2.624512e-03
SetBoundaryConditions 1.563787e-03 3.219051e-04 1.065969e-03 1.920223e-03
SolveHydroEquations 1.765907e-03 6.889148e-04 1.110554e-03 2.881527e-03
Total 8.523583e-03 7.874412e-05 8.388042e-03 8.583069e-03 7.116000e+03 23 2.087150e+05

Cycle_Number 46
Group_WriteAllData 0.000000e+00 0.000000e+00 0.000000e+00 0.000000e+00
Level_0 5.596876e-05 3.017550e-06 5.197525e-05 5.888939e-05 1.000000e+02 4 4.466777e+05
Level_1 1.167655e-04 5.162942e-05 2.884865e-05 1.537800e-04 1.760000e+02 3 3.768236e+05
Level_2 2.747178e-04 7.551311e-05 2.048016e-04 4.022121e-04 3.720000e+02 4 3.385292e+05
Level_3 7.951856e-04 1.563064e-04 6.740093e-04 1.063824e-03 1.308000e+03 5 4.112248e+05
Level_4 2.072990e-03 3.392875e-04 1.757145e-03 2.592802e-03 4.816000e+03 8 5.808036e+05
RebuildHierarchy 2.501488e-03 4.813133e-05 2.430439e-03 2.564669e-03
SetBoundaryConditions 1.592457e-03 3.758319e-04 9.672642e-04 1.924992e-03
SolveHydroEquations 1.692832e-03 7.723394e-04 1.079559e-03 3.013372e-03
Total 8.361936e-03 3.133119e-05 8.307934e-03 8.383036e-03 6.772000e+03 24 2.024651e+05

Cycle_Number 47
Group_WriteAllData 0.000000e+00 0.000000e+00 0.000000e+00 0.000000e+00
Level_0 5.173683e-05 1.839071e-06 4.982948e-05 5.412102e-05 1.000000e+02 4 4.832147e+05
Level_1 1.151562e-04 5.146529e-05 2.789497e-05 1.528263e-04 1.760000e+02 3 3.820898e+05
Level_2 2.660751e-04 6.978154e-05 1.957417e-04 3.821850e-04 3.600000e+02 4 3.382503e+05
Level_3 7.077456e-04 1.632097e-04 6.089211e-04 9.903908e-04 1.280000e+03 5 4.521399e+05
Level_4 1.987040e-03 1.529802e-04 1.801252e-03 2.140284e-03 4.704000e+03 7 5.918351e+05
RebuildHierarchy 2.495527e-03 3.789731e-05 2.452135e-03 2.546549e-03
SetBoundaryConditions 1.521587e-03 3.571026e-04 9.374619e-04 1.831055e-03
SolveHydroEquations 1.650035e-03 5.087871e-04 1.172543e-03 2.507210e-03
Total 7.813275e-03 3.019144e-05 7.761002e-03 7.832050e-03 6.620000e+03 23 2.118190e+05

Cycle_Number 48
Group_WriteAllData 0.000000e+00 0.000000e+00 0.000000e+00 0.000000e+00
Level_0 5.167723e-05 1.763129e-06 4.982948e-05 5.388260e-05 1.000000e+02 4 4.837721e+05
Level_1 1.147985e-04 5.072674e-05 2.908707e-05 1.530647e-04 1.720000e+02 3 3.745692e+05
Level_2 2.667904e-04 6.987658e-05 1.952648e-04 3.826618e-04 3.480000e+02 4 3.260987e+05
Level_3 7.128119e-04 5.611666e-05 6.570816e-04 7.810593e-04 1.184000e+03 6 4.152568e+05
Level_4 1.748502e-03 2.880452e-04 1.411915e-03 2.207756e-03 4.348000e+03 6 6.216749e+05
RebuildHierarchy 2.207816e-03 2.981299e-05 2.176762e-03 2.256632e-03
SetBoundaryConditions 1.086116e-03 3.491938e-04 5.941391e-04 1.443624e-03
SolveHydroEquations 1.540542e-03 5.903937e-04 1.044273e-03 2.540827e-03
Total 7.064521e-03 3.896170e-05 6.997108e-03 7.089853e-03 6.152000e+03 23 2.177076e+05

Cycle_Number 49
Group_WriteAllData 0.000000e+00 0.000000e+00 0.000000e+00 0.000000e+00
Level_0 5.793571e-05 2.595370e-06 5.388260e-05 6.103516e-05 1.000000e+02 4 4.315128e+05
Level_1 1.391768e-04 5.856959e-05 3.910065e-05 1.807213e-04 1.680000e+02 3 3.017743e+05
Level_2 3.234744e-04 8.394863e-05 2.357960e-04 4.620552e-04 3.400000e+02 4 2.627719e+05
Level_3 7.889271e-04 5.179311e-05 7.500648e-04 8.780956e-04 1.176000e+03 4 3.726580e+05
Level_4 1.863718e-03 1.957314e-04 1.683235e-03 2.161503e-03 4.308000e+03 7 5.778771e+05
RebuildHierarchy 2.759755e-03 5.875419e-05 2.676725e-03 2.826929e-03
SetBoundaryConditions 1.258850e-03 4.022864e-04 8.070469e-04 1.897812e-03
SolveHydroEquations 1.681268e-03 6.221372e-04 8.625984e-04 2.607346e-03
Total 8.277237e-03 3.589066e-05 8.215189e-03 8.301020e-03 6.092000e+03 22 1.839986e+05

Cycle_Number 50
Group_WriteAllData 0.000000e+00 0.000000e+00 0.000000e+00 0.000000e+00
Level_0 6.824732e-05 1.001837e-05 5.507469e-05 7.796288e-05 1.000000e+02 4 3.663148e+05
Level_1 1.319647e-04 4.298069e-05 5.817413e-05 1.621246e-04 1.640000e+02 3 3.106892e+05
Level_2 2.630949e-04 4.455446e-05 2.090931e-04 3.330708e-04 3.080000e+02 4 2.926701e+05
Level_3 6.127357e-04 2.074556e-04 3.964901e-04 9.553432e-04 1.060000e+03 4 4.324866e+05
Level_4 1.928270e-03 1.867952e-04 1.748800e-03 2.211571e-03 3.836000e+03 5 4.973370e+05
RebuildHierarchy 2.375841e-03 4.947372e-05 2.322197e-03 2.452850e-03
SetBoundaryConditions 1.448631e-03 3.924639e-04 7.932186e-04 1.809120e-03
SolveHydroEquations 1.412809e-03 7.427096e-04 8.785725e-04 2.694130e-03
Total 7.724106e-03 7.570125e-05 7.677078e-03 7.855177e-03 5.468000e+03 20 1.769784e+05

Cycle_Number 51
Group_WriteAllData 0.000000e+00 0.000000e+00 0.000000e+00 0.000000e+00
Level_0 5.406141e-05 1.016779e-06 5.292892e-05 5.507469e-05 1.000000e+02 4 4.624370e+05
Level_1 1.367331e-04 6.371856e-05 3.194809e-05 1.881123e-04 1.640000e+02 3 2.998543e+05
Level_2 3.309846e-04 6.332300e-05 2.429485e-04 4.220009e-04 3.160000e+02 4 2.386818e+05
Level_3 7.216334e-04 2.016979e-04 4.765987e-04 1.038074e-03 1.084000e+03 4 3.755369e+05
Level_4 1.972735e-03 9.339017e-05 1.822948e-03 2.063751e-03 3.816000e+03 8 4.835926e+05
RebuildHierarchy 2.921462e-03 8.564049e-05 2.812862e-03 3.050566e-03
SetBoundaryConditions 1.512170e-03 5.490916e-04 7.030964e-04 2.249479e-03
SolveHydroEquations 1.601994e-03 5.797118e-04 9.572506e-04 2.485752e-03
Total 8.873761e-03 1.419176e-04 8.628130e-03 8.960962e-03 5.480000e+03 23 1.543878e+05

Cycle_Number 52
Group_WriteAllData 0.000000e+00 0.000000e+00 0.000000e+00 0.000000e+00
Level_0 7.921457e-05 4.852199e-06 7.081032e-05 8.201599e-05 1.000000e+02 4 3.155985e+05
Level_1 1.509190e-04 6.163040e-05 4.816055e-05 2.012253e-04 1.600000e+02 3 2.650429e+05
Level_2 3.013015e-04 6.148967e-05 2.520084e-04 4.067421e-04 2.960000e+02 4 2.456012e+05
Level_3 6.411672e-04 1.957634e-04 4.076958e-04 9.508133e-04 1.024000e+03 4 3.992719e+05
Level_4 1.922786e-03 5.543818e-05 1.866102e-03 2.011776e-03 3.648000e+03 7 4.743117e+05
RebuildHierarchy 2.509356e-03 5.041440e-05 2.468348e-03 2.594471e-03
SetBoundaryConditions 1.581848e-03 4.051135e-04 9.119511e-04 1.992702e-03
SolveHydroEquations 1.483500e-03 5.049281e-04 9.796619e-04 2.312899e-03
Total 7.708073e-03 3.986121e-05 7.639170e-03 7.735014e-03 5.228000e+03 22 1.695625e+05

Cycle_Number 53
Group_WriteAllData 0.000000e+00 0.000000e+00 0.000000e+00 0.000000e+00
Level_0 5.644560e-05 1.148067e-06 5.483627e-05 5.793571e-05 1.000000e+02 4 4.429043e+05
Level_1 1.111031e-04 5.102548e-05 2.694130e-05 1.518726e-04 1.560000e+02 3 3.510254e+05
Level_2 2.529621e-04 5.307130e-05 1.919270e-04 3.380775e-04 2.760000e+02 4 2.727681e+05
Level_3 5.672574e-04 1.800293e-04 3.561974e-04 8.540154e-04 9.200000e+02 4 4.054597e+05
Level_4 1.673281e-03 4.372475e-05 1.611471e-03 1.716852e-03 3.280000e+03 6 4.900551e+05
RebuildHierarchy 2.334535e-03 4.121104e-05 2.301455e-03 2.402782e-03
SetBoundaryConditions 1.334071e-03 3.536291e-04 7.469654e-04 1.681089e-03
SolveHydroEquations 1.310170e-03 4.538065e-04 9.789467e-04 2.090931e-03
Total 6.877005e-03 3.761894e-05 6.812096e-03 6.903887e-03 4.732000e+03 21 1.720226e+05

Cycle_Number 54
Group_WriteAllData 0.000000e+00 0.000000e+00 0.000000e+00 0.000000e+00
Level_0 5.203485e-05 1.548574e-06 5.006790e-05 5.388260e-05 1.000000e+02 4 4.804472e+05
Level_1 1.074672e-04 4.657786e-05 3.027916e-05 1.451969e-04 1.560000e+02 3 3.629015e+05
Level_2 2.540350e-04 5.915628e-05 1.862049e-04 3.490448e-04 2.760000e+02 4 2.716161e+05
Level_3 5.886555e-04 1.685376e-04 3.807545e-04 8.511543e-04 8.880000e+02 4 3.771306e+05
Level_4 1.851320e-03 1.132762e-04 1.771212e-03 2.046824e-03 3.124000e+03 6 4.218611e+05
RebuildHierarchy 2.284646e-03 4.913694e-05 2.239466e-03 2.366543e-03
SetBoundaryConditions 1.474261e-03 4.620476e-04 7.145405e-04 1.961231e-03
SolveHydroEquations 1.278043e-03 6.845156e-04 7.541180e-04 2.447367e-03
Total 7.083774e-03 3.370420e-05 7.026196e-03 7.112026e-03 4.544000e+03 21 1.603665e+05

Cycle_Number 55
Group_WriteAllData 0.000000e+00 0.000000e+00 0.000000e+00 0.000000e+00
Level_0 5.370378e-05 3.937066e-06 4.982948e-05 5.912781e-05 1.000000e+02 4 4.655165e+05
Level_1 1.153350e-04 5.080480e-05 3.123283e-05 1.561642e-04 1.520000e+02 3 3.294750e+05
Level_2 2.516508e-04 4.976513e-05 1.957417e-04 3.321171e-04 2.640000e+02 4 2.622682e+05
Level_3 5.607605e-04 1.583323e-04 3.638268e-04 8.063316e-04 8.600000e+02 4 3.834079e+05
Level_4 1.732707e-03 1.568398e-04 1.574993e-03 1.903296e-03 2.964000e+03 6 4.276545e+05
RebuildHierarchy 2.280235e-03 5.043187e-05 2.229452e-03 2.361774e-03
SetBoundaryConditions 1.304269e-03 4.582949e-04 6.530285e-04 1.837730e-03
SolveHydroEquations 1.257479e-03 6.392172e-04 7.431507e-04 2.318382e-03
Total 6.886065e-03 3.669841e-05 6.823063e-03 6.911039e-03 4.340000e+03 21 1.575646e+05

Cycle_Number 56
Group_WriteAllData 0.000000e+00 0.000000e+00 0.000000e+00 0.000000e+00
Level_0 5.143881e-05 2.276710e-06 4.792213e-05 5.388260e-05 1.000000e+02 4 4.860144e+05
Level_1 1.096129e-04 4.986152e-05 2.908707e-05 1.521111e-04 1.480000e+02 3 3.375514e+05
Level_2 2.489090e-04 4.922203e-05 1.900196e-04 3.266335e-04 2.600000e+02 4 2.611396e+05
Level_3 5.449653e-04 1.640960e-04 3.449917e-04 8.020401e-04 8.680000e+02 4 3.981905e+05
Level_4 1.685679e-03 1.163053e-04 1.590729e-03 1.883268e-03 3.024000e+03 6 4.484840e+05
RebuildHierarchy 2.289236e-03 4.437961e-05 2.253771e-03 2.364874e-03
SetBoundaryConditions 1.261711e-03 3.551263e-04 6.709099e-04 1.574516e-03
SolveHydroEquations 1.237571e-03 6.053369e-04 6.711483e-04 2.253294e-03
Total 6.851733e-03 3.339366e-05 6.793976e-03 6.872892e-03 4.400000e+03 21 1.605433e+05

Cycle_Number 57
Group_WriteAllData 0.000000e+00 0.000000e+00 0.000000e+00 0.000000e+00
Level_0 5.149841e-05 1.430511e-06 5.006790e-05 5.292892e-05 1.000000e+02 4 4.854519e+05
Level_1 1.129508e-04 5.027110e-05 3.218651e-05 1.552105e-04 1.480000e+02 3 3.275762e+05
Level_2 2.523065e-04 4.637084e-05 1.993179e-04 3.268719e-04 2.480000e+02 4 2.457329e+05
Level_3 5.191565e-04 1.545873e-04 3.294945e-04 7.605553e-04 8.040000e+02 4 3.871665e+05
Level_4 1.637280e-03 2.376522e-04 1.425266e-03 2.021551e-03 2.756000e+03 7 4.208199e+05
RebuildHierarchy 2.168894e-03 5.018046e-05 2.123833e-03 2.248526e-03
SetBoundaryConditions 1.124442e-03 3.726785e-04 5.838871e-04 1.510143e-03
SolveHydroEquations 1.170695e-03 7.232935e-04 5.412102e-04 2.371073e-03
Total 6.798446e-03 2.860495e-05 6.748915e-03 6.815910e-03 4.056000e+03 22 1.491517e+05

Cycle_Number 58
Group_WriteAllData 0.000000e+00 0.000000e+00 0.000000e+00 0.000000e+00
Level_0 5.245209e-05 1.719261e-06 5.006790e-05 5.483627e-05 1.000000e+02 4 4.766255e+05
Level_1 1.158714e-04 5.368655e-05 3.075600e-05 1.628399e-04 1.440000e+02 3 3.106892e+05
Level_2 2.498627e-04 4.370707e-05 1.990795e-04 3.197193e-04 2.360000e+02 4 2.361297e+05
Level_3 5.158186e-04 1.531629e-04 3.333092e-04 7.581711e-04 7.720000e+02 4 3.741625e+05
Level_4 1.637340e-03 1.008740e-04 1.524925e-03 1.741171e-03 2.632000e+03 6 4.018714e+05
RebuildHierarchy 2.279758e-03 4.713096e-05 2.242565e-03 2.358437e-03
SetBoundaryConditions 1.311123e-03 4.570039e-04 6.060600e-04 1.741409e-03
SolveHydroEquations 1.155138e-03 5.516952e-04 7.023811e-04 2.067804e-03
Total 6.623864e-03 2.996187e-05 6.572008e-03 6.643057e-03 3.884000e+03 21 1.465912e+05

Cycle_Number 59
Group_WriteAllData 0.000000e+00 0.000000e+00 0.000000e+00 0.000000e+00
Level_0 5.108118e-05 1.584856e-06 4.911423e-05 5.316734e-05 1.000000e+02 4 4.894170e+05
Level_1 1.111031e-04 5.312536e-05 2.789497e-05 1.578331e-04 1.400000e+02 3 3.150228e+05
Level_2 2.509952e-04 4.400434e-05 1.990795e-04 3.209114e-04 2.280000e+02 4 2.270960e+05
Level_3 5.065203e-04 1.402844e-04 3.340244e-04 7.252693e-04 7.400000e+02 4 3.652371e+05
Level_4 1.488566e-03 2.120632e-04 1.325369e-03 1.845598e-03 2.560000e+03 5 4.299439e+05
RebuildHierarchy 2.165496e-03 4.517430e-05 2.131224e-03 2.241611e-03
SetBoundaryConditions 1.014531e-03 2.916368e-04 5.981922e-04 1.377583e-03
SolveHydroEquations 1.111448e-03 6.314573e-04 5.462170e-04 2.153873e-03
Total 6.487608e-03 2.574369e-05 6.443024e-03 6.503105e-03 3.768000e+03 20 1.451999e+05

Cycle_Number 60
Group_WriteAllData 0.000000e+00 0.000000e+00 0.000000e+00 0.000000e+00
Level_0 5.108118e-05 1.016779e-06 5.006790e-05 5.221367e-05 1.000000e+02 4 4.894170e+05
Level_1 1.084805e-04 5.144623e-05 2.813339e-05 1.540184e-04 1.400000e+02 3 3.226388e+05
Level_2 2.468228e-04 4.332512e-05 1.957417e-04 3.156662e-04 2.120000e+02 4 2.147289e+05
Level_3 5.015135e-04 1.301914e-04 3.290176e-04 6.959438e-04 6.880000e+02 4 3.429619e+05
Level_4 1.447976e-03 1.777826e-04 1.273870e-03 1.696825e-03 2.368000e+03 4 4.088467e+05
RebuildHierarchy 2.102315e-03 3.859524e-05 2.063513e-03 2.164841e-03
SetBoundaryConditions 1.043439e-03 3.085771e-04 6.566048e-04 1.402617e-03
SolveHydroEquations 1.068711e-03 5.241242e-04 5.929470e-04 1.926422e-03
Total 6.264389e-03 3.752703e-05 6.199837e-03 6.293058e-03 3.508000e+03 19 1.399977e+05

Cycle_Number 61
Group_WriteAllData 0.000000e+00 0.000000e+00 0.000000e+00 0.000000e+00
Level_0 5.382299e-05 3.911718e-06 5.006790e-05 5.912781e-05 1.000000e+02 4 4.644855e+05
Level_1 1.053810e-04 4.585670e-05 3.099442e-05 1.442432e-04 1.360000e+02 3 3.226388e+05
Level_2 2.356768e-04 3.537062e-05 1.840591e-04 2.839565e-04 2.040000e+02 4 2.163981e+05
Level_3 4.873276e-04 1.179320e-04 3.204346e-04 6.539822e-04 6.520000e+02 4 3.344773e+05
Level_4 1.195550e-03 3.980802e-04 7.965565e-04 1.858711e-03 2.256000e+03 4 4.717494e+05
RebuildHierarchy 1.916289e-03 5.714752e-05 1.854897e-03 2.009869e-03
SetBoundaryConditions 5.471110e-04 4.162472e-04 3.886223e-05 1.186609e-03
SolveHydroEquations 9.577274e-04 8.145187e-04 3.290176e-05 2.223969e-03
Total 5.964041e-03 2.822820e-05 5.915880e-03 5.984068e-03 3.348000e+03 19 1.403411e+05

Cycle_Number 62
Group_WriteAllData 0.000000e+00 0.000000e+00 0.000000e+00 0.000000e+00
Level_0 5.072355e-05 8.492355e-07 4.982948e-05 5.197525e-05 1.000000e+02 4 4.928677e+05
Level_1 1.103878e-04 4.943867e-05 3.409386e-05 1.552105e-04 1.320000e+02 3 2.989461e+05
Level_2 2.430677e-04 3.668258e-05 1.959801e-04 2.989769e-04 1.920000e+02 4 1.974758e+05
Level_3 4.707575e-04 1.065500e-04 3.197193e-04 6.210804e-04 6.040000e+02 4 3.207596e+05
Level_4 1.101613e-03 3.707814e-04 7.386208e-04 1.722097e-03 2.092000e+03 4 4.747584e+05
RebuildHierarchy 1.891017e-03 6.084826e-05 1.822710e-03 1.989365e-03
SetBoundaryConditions 5.316734e-04 4.075269e-04 3.957748e-05 1.156807e-03
SolveHydroEquations 9.103417e-04 7.426672e-04 3.218651e-05 2.038717e-03
Total 5.770445e-03 2.739532e-05 5.723000e-03 5.786896e-03 3.120000e+03 19 1.351716e+05

Cycle_Number 63
Group_WriteAllData 0.000000e+00 0.000000e+00 0.000000e+00 0.000000e+00
Level_0 5.072355e-05 1.320751e-06 4.887581e-05 5.197525e-05 1.000000e+02 4 4.928677e+05
Level_1 1.064539e-04 5.326948e-05 2.789497e-05 1.559258e-04 1.280000e+02 3 3.005996e+05
Level_2 2.425313e-04 3.365013e-05 1.959801e-04 2.911091e-04 1.800000e+02 4 1.855431e+05
Level_3 4.711747e-04 1.027637e-04 3.244877e-04 6.151199e-04 5.600000e+02 4 2.971297e+05
Level_4 1.064241e-03 3.364657e-04 7.119179e-04 1.619339e-03 1.912000e+03 4 4.491464e+05
RebuildHierarchy 1.905322e-03 5.926524e-05 1.837015e-03 2.000332e-03
SetBoundaryConditions 5.325079e-04 4.125047e-04 3.218651e-05 1.163006e-03
SolveHydroEquations 8.813739e-04 6.957983e-04 3.314018e-05 1.913786e-03
Total 5.690753e-03 2.820824e-05 5.641937e-03 5.708933e-03 2.880000e+03 19 1.265210e+05

Cycle_Number 64
Group_WriteAllData 0.000000e+00 0.000000e+00 0.000000e+00 0.000000e+00
Level_0 5.102158e-05 1.316710e-06 4.887581e-05 5.221367e-05 1.000000e+02 4 4.899888e+05
Level_1 1.106262e-04 5.595552e-05 2.789497e-05 1.659393e-04 1.280000e+02 3 2.892623e+05
Level_2 2.457500e-04 3.199759e-05 2.071857e-04 2.961159e-04 1.720000e+02 4 1.749746e+05
Level_3 4.658699e-04 9.526978e-05 3.206730e-04 5.881786e-04 5.160000e+02 4 2.769013e+05
Level_4 1.000822e-03 3.038869e-04 6.732941e-04 1.498461e-03 1.736000e+03 4 4.336437e+05
RebuildHierarchy 1.872838e-03 6.039933e-05 1.802683e-03 1.969337e-03
SetBoundaryConditions 5.326271e-04 4.169458e-04 3.623962e-05 1.171112e-03
SolveHydroEquations 8.510351e-04 6.496168e-04 3.504753e-05 1.783609e-03
Total 5.477309e-03 2.554558e-05 5.433083e-03 5.493164e-03 2.652000e+03 19 1.210448e+05

Cycle_Number 65
Group_WriteAllData 0.000000e+00 0.000000e+00 0.000000e+00 0.000000e+00
Level_0 5.251169e-05 1.097438e-06 5.102158e-05 5.388260e-05 1.000000e+02 4 4.760844e+05
Level_1 1.108646e-04 5.588615e-05 2.813339e-05 1.630783e-04 1.240000e+02 3 2.796203e+05
Level_2 2.366900e-04 2.871206e-05 1.978874e-04 2.789497e-04 1.560000e+02 4 1.647725e+05
Level_3 4.602671e-04 8.798978e-05 3.211498e-04 5.652905e-04 4.680000e+02 4 2.542002e+05
Level_4 9.517670e-04 2.648976e-04 6.482601e-04 1.377344e-03 1.556000e+03 4 4.087135e+05
RebuildHierarchy 1.871169e-03 5.849069e-05 1.799345e-03 1.961946e-03
SetBoundaryConditions 5.294085e-04 4.229098e-04 4.100800e-05 1.184464e-03
SolveHydroEquations 8.043647e-04 5.837952e-04 3.290176e-05 1.592159e-03
Total 5.311966e-03 3.978127e-05 5.243063e-03 5.335093e-03 2.404000e+03 19 1.131408e+05

Cycle_Number 66
Group_WriteAllData 0.000000e+00 0.000000e+00 0.000000e+00 0.000000e+00
Level_0 5.823374e-05 5.450811e-06 4.982948e-05 6.318092e-05 1.000000e+02 4 4.293044e+05
Level_1 1.065135e-04 4.876531e-05 3.790855e-05 1.542568e-04 1.200000e+02 3 2.816544e+05
Level_2 2.326965e-04 2.672044e-05 1.921654e-04 2.672672e-04 1.480000e+02 4 1.590054e+05
Level_3 4.545450e-04 8.385109e-05 3.185272e-04 5.478859e-04 4.280000e+02 4 2.354002e+05
Level_4 9.187460e-04 2.204479e-04 6.425381e-04 1.259327e-03 1.372000e+03 4 3.733350e+05
RebuildHierarchy 1.893103e-03 5.805563e-05 1.823187e-03 1.983881e-03
SetBoundaryConditions 5.283356e-04 4.149232e-04 4.386902e-05 1.163483e-03
SolveHydroEquations 7.643700e-04 5.298765e-04 3.194809e-05 1.436949e-03
Total 5.165279e-03 2.900995e-05 5.115032e-03 5.182028e-03 2.168000e+03 19 1.049314e+05

Cycle_Number 67
Group_WriteAllData 0.000000e+00 0.000000e+00 0.000000e+00 0.000000e+00
Level_0 5.626678e-05 4.981180e-06 4.792213e-05 6.008148e-05 1.000000e+02 4 4.443119e+05
Level_1 1.028180e-04 4.551622e-05 3.695488e-05 1.451969e-04 1.200000e+02 3 2.917777e+05
Level_2 2.288222e-04 2.734931e-05 1.821518e-04 2.520084e-04 1.360000e+02 4 1.485870e+05
Level_3 4.440546e-04 7.276699e-05 3.232956e-04 5.183220e-04 3.800000e+02 4 2.139377e+05
Level_4 8.965731e-04 1.976503e-04 6.382465e-04 1.194477e-03 1.196000e+03 4 3.334921e+05
RebuildHierarchy 1.871347e-03 5.850760e-05 1.800060e-03 1.962423e-03
SetBoundaryConditions 5.168319e-04 4.152064e-04 3.266335e-05 1.150608e-03
SolveHydroEquations 7.287264e-04 4.857923e-04 3.504753e-05 1.296997e-03
Total 5.042732e-03 3.056893e-05 4.989862e-03 5.063057e-03 1.932000e+03 19 9.578142e+04

Cycle_Number 68
Group_WriteAllData 0.000000e+00 0.000000e+00 0.000000e+00 0.000000e+00
Level_0 5.686283e-05 4.148415e-06 5.006790e-05 6.103516e-05 1.000000e+02 4 4.396545e+05
Level_1 1.062751e-04 4.750079e-05 3.623962e-05 1.509190e-04 1.160000e+02 3 2.728768e+05
Level_2 2.111197e-04 2.605998e-05 1.835823e-04 2.539158e-04 1.160000e+02 4 1.373629e+05
Level_3 3.845692e-04 4.804859e-05 3.108978e-04 4.436970e-04 3.040000e+02 4 1.976237e+05
Level_4 7.597208e-04 1.276577e-04 6.186962e-04 9.672642e-04 8.800000e+02 4 2.895801e+05
RebuildHierarchy 1.859903e-03 2.790567e-05 1.826525e-03 1.901627e-03
SetBoundaryConditions 4.684925e-04 2.414940e-04 2.653599e-04 8.726120e-04
SolveHydroEquations 6.877780e-04 3.102481e-04 2.768040e-04 1.094818e-03
Total 4.705966e-03 2.845952e-05 4.657030e-03 4.727840e-03 1.516000e+03 19 8.053608e+04

Cycle_Number 69
Group_WriteAllData 0.000000e+00 0.000000e+00 0.000000e+00 0.000000e+00
Level_0 5.352497e-05 3.578265e-06 4.982948e-05 5.722046e-05 1.000000e+02 4 4.670717e+05
Level_1 1.062155e-04 5.494617e-05 3.194809e-05 1.590252e-04 1.120000e+02 3 2.636151e+05
Level_2 2.133846e-04 2.710485e-05 1.828671e-04 2.570152e-04 1.080000e+02 4 1.265321e+05
Level_3 3.542900e-04 2.995879e-05 3.132820e-04 3.979206e-04 2.320000e+02 4 1.637077e+05
Level_4 6.422400e-04 6.279408e-05 5.648136e-04 7.381439e-04 5.680000e+02 4 2.211011e+05
RebuildHierarchy 1.807153e-03 1.532141e-05 1.791477e-03 1.822710e-03
SetBoundaryConditions 4.568100e-04 1.999859e-04 2.343655e-04 7.696152e-04
SolveHydroEquations 6.210208e-04 1.837717e-04 3.719330e-04 8.077621e-04
Total 4.394293e-03 3.005256e-05 4.343033e-03 4.416227e-03 1.120000e+03 19 6.371901e+04

Cycle_Number 70
Group_WriteAllData 0.000000e+00 0.000000e+00 0.000000e+00 0.000000e+00
Level_0 5.650520e-05 4.049608e-06 5.006790e-05 6.008148e-05 1.000000e+02 4 4.424371e+05
Level_1 1.041889e-04 4.800036e-05 3.719330e-05 1.502037e-04 1.120000e+02 3 2.687426e+05
Level_2 1.876354e-04 3.032606e-05 1.597404e-04 2.388954e-04 1.000000e+02 4 1.332371e+05
Level_3 3.149509e-04 3.146583e-05 2.853870e-04 3.650188e-04 2.400000e+02 4 1.905059e+05
Level_4 5.991459e-04 6.592069e-05 5.536079e-04 7.128716e-04 6.240000e+02 4 2.603706e+05
RebuildHierarchy 1.780748e-03 1.727342e-05 1.762867e-03 1.800537e-03
SetBoundaryConditions 4.121661e-04 1.603422e-04 2.470016e-04 5.819798e-04
SolveHydroEquations 6.392598e-04 1.322794e-04 5.187988e-04 8.480549e-04
Total 4.288375e-03 3.768800e-05 4.223108e-03 4.311085e-03 1.176000e+03 19 6.855743e+04

Cycle_Number 71
Group_WriteAllData 0.000000e+00 0.000000e+00 0.000000e+00 0.000000e+00
Level_0 5.096197e-05 1.016779e-06 4.982948e-05 5.197525e-05 1.000000e+02 4 4.905619e+05
Level_1 1.021624e-04 5.144029e-05 2.813339e-05 1.511574e-04 1.080000e+02 3 2.642852e+05
Level_2 1.860857e-04 3.215316e-05 1.561642e-04 2.403259e-04 9.200000e+01 4 1.235990e+05
Level_3 3.142357e-04 2.647574e-05 2.887249e-04 3.538132e-04 2.040000e+02 4 1.622986e+05
Level_4 5.705953e-04 4.312061e-05 5.373955e-04 6.446838e-04 4.760000e+02 4 2.085541e+05
RebuildHierarchy 1.845002e-03 1.695833e-05 1.825333e-03 1.865625e-03
SetBoundaryConditions 4.067421e-04 1.654708e-04 2.238750e-04 5.726814e-04
SolveHydroEquations 6.052852e-04 9.382072e-05 5.104542e-04 7.326603e-04
Total 5.340278e-03 2.559997e-05 5.295992e-03 5.356073e-03 9.800000e+02 19 4.587776e+04

Cycle_Number 72
Group_WriteAllData 8.864164e-03 1.734403e-05 8.854151e-03 8.894205e-03
Level_0 5.698204e-05 4.607713e-06 4.982948e-05 6.103516e-05 1.000000e+02 4 4.387347e+05
Level_1 9.542704e-05 6.281920e-05 2.908707e-05 1.592636e-04 9.600000e+01 2 2.515011e+05
Level_2 1.425147e-04 2.831334e-05 1.232624e-04 1.914501e-04 4.800000e+01 3 8.420184e+04
Level_3 2.112389e-04 2.267297e-05 1.754761e-04 2.381802e-04 9.600000e+01 3 1.136155e+05
Level_4 3.812313e-04 3.774965e-05 3.163815e-04 4.076958e-04 1.920000e+02 3 1.259078e+05
RebuildHierarchy 1.356840e-03 3.207993e-05 1.331329e-03 1.410723e-03
SetBoundaryConditions 3.014803e-04 1.845480e-04 4.458427e-05 4.823208e-04
SolveHydroEquations 3.429055e-04 1.862012e-04 3.409386e-05 5.316734e-04
Total 1.211739e-02 2.038723e-05 1.208210e-02 1.212978e-02 5.320000e+02 15 1.097596e+04

Cycle_Number 73
Group_WriteAllData 0.000000e+00 0.000000e+00 0.000000e+00 0.000000e+00
Level_0 7.426739e-05 2.576135e-06 6.985664e-05 7.605553e-05 1.000000e+02 4 3.366215e+05
Level_1 6.002188e-05 3.394530e-05 2.408028e-05 9.393692e-05 4.800000e+01 2 1.999271e+05
Level_2 6.443262e-05 2.628092e-05 4.792213e-05 1.099110e-04 1.600000e+01 3 6.208036e+04
Level_3 5.096197e-05 4.651836e-06 4.696846e-05 5.888939e-05 1.600000e+01 3 7.848990e+04
Level_4 4.601479e-05 1.044970e-05 3.480911e-05 6.008148e-05 1.600000e+01 3 8.692858e+04
RebuildHierarchy 3.094673e-04 4.768372e-07 3.089905e-04 3.099442e-04
SetBoundaryConditions 1.234412e-04 7.072686e-05 2.717972e-05 2.021790e-04
SolveHydroEquations 1.204014e-04 4.561247e-05 5.602837e-05 1.838207e-04
Total 1.373291e-03 4.179102e-04 1.131058e-03 2.097130e-03 1.960000e+02 15 3.568071e+04

