# Starting performance log. MPI processes: 32

Cycle_Number 133
Group_WriteAllData 0.000000e+00 0.000000e+00 0.000000e+00 0.000000e+00
Level_0 1.613303e+00 3.878590e-01 1.167485e+00 1.965041e+00 2097152 32 4.062226e+04
Level_1 3.647892e-01 3.858973e-01 8.897781e-03 8.844900e-01 3920 10 3.358103e+02
Level_2 0.000000e+00 0.000000e+00 0.000000e+00 0.000000e+00 0 0 0.000000e+00
Level_3 0.000000e+00 0.000000e+00 0.000000e+00 0.000000e+00 0 0 0.000000e+00
Level_4 0.000000e+00 0.000000e+00 0.000000e+00 0.000000e+00 0 0 0.000000e+00
Level_5 0.000000e+00 0.000000e+00 0.000000e+00 0.000000e+00 0 0 0.000000e+00
Level_6 0.000000e+00 0.000000e+00 0.000000e+00 0.000000e+00 0 0 0.000000e+00
Level_7 0.000000e+00 0.000000e+00 0.000000e+00 0.000000e+00 0 0 0.000000e+00
RebuildHierarchy 6.789833e-02 2.447749e-05 6.786680e-02 6.792808e-02
SolveForPotential 4.389688e-03 1.191215e-02 0.000000e+00 4.417300e-02
SolveHydroEquations 7.816018e-01 1.474690e-02 7.581930e-01 8.221951e-01
Total 2.196086e+00 2.120305e-03 2.184281e+00 2.196499e+00 2101072 42 2.989797e+04

Cycle_Number 134
Group_WriteAllData 0.000000e+00 0.000000e+00 0.000000e+00 0.000000e+00
Level_0 1.644995e+00 3.981276e-01 1.164578e+00 2.004944e+00 2097152 32 3.983964e+04
Level_1 3.707123e-01 3.948752e-01 6.342888e-03 8.966830e-01 4720 12 3.978827e+02
Level_2 0.000000e+00 0.000000e+00 0.000000e+00 0.000000e+00 0 0 0.000000e+00
Level_3 0.000000e+00 0.000000e+00 0.000000e+00 0.000000e+00 0 0 0.000000e+00
Level_4 0.000000e+00 0.000000e+00 0.000000e+00 0.000000e+00 0 0 0.000000e+00
Level_5 0.000000e+00 0.000000e+00 0.000000e+00 0.000000e+00 0 0 0.000000e+00
Level_6 0.000000e+00 0.000000e+00 0.000000e+00 0.000000e+00 0 0 0.000000e+00
Level_7 0.000000e+00 0.000000e+00 0.000000e+00 0.000000e+00 0 0 0.000000e+00
RebuildHierarchy 7.567865e-02 2.617175e-05 7.564807e-02 7.571793e-02
SolveForPotential 5.295999e-03 1.262540e-02 0.000000e+00 4.416895e-02
SolveHydroEquations 7.819873e-01 1.587337e-02 7.589440e-01 8.260732e-01
Total 2.233789e+00 8.698730e-05 2.233327e+00 2.233833e+00 2101872 44 2.940453e+04

Cycle_Number 135
Group_WriteAllData 2.925694e-01 1.219879e-04 2.925360e-01 2.932482e-01
Level_0 1.639934e+00 4.047615e-01 1.144247e+00 2.003318e+00 2097152 32 3.996258e+04
Level_1 3.851988e-01 4.204623e-01 1.510859e-03 9.968009e-01 8160 22 6.619958e+02
Level_2 0.000000e+00 0.000000e+00 0.000000e+00 0.000000e+00 0 0 0.000000e+00
Level_3 0.000000e+00 0.000000e+00 0.000000e+00 0.000000e+00 0 0 0.000000e+00
Level_4 0.000000e+00 0.000000e+00 0.000000e+00 0.000000e+00 0 0 0.000000e+00
Level_5 0.000000e+00 0.000000e+00 0.000000e+00 0.000000e+00 0 0 0.000000e+00
Level_6 0.000000e+00 0.000000e+00 0.000000e+00 0.000000e+00 0 0 0.000000e+00
Level_7 0.000000e+00 0.000000e+00 0.000000e+00 0.000000e+00 0 0 0.000000e+00
RebuildHierarchy 7.559216e-02 5.920695e-06 7.558489e-02 7.560802e-02
SolveForPotential 9.620696e-03 2.031574e-02 0.000000e+00 8.494234e-02
SolveHydroEquations 7.831821e-01 1.996087e-02 7.586961e-01 8.323767e-01
Total 2.617390e+00 3.927856e-05 2.617312e+00 2.617547e+00 2105312 54 2.513611e+04

Cycle_Number 136
Group_WriteAllData 2.689323e-01 5.013949e-05 2.689171e-01 2.692111e-01
Level_0 1.604449e+00 3.860232e-01 1.162718e+00 1.955175e+00 2097152 32 4.084642e+04
Level_1 3.810580e-01 3.776847e-01 1.190710e-02 9.696469e-01 9552 27 7.833453e+02
Level_2 0.000000e+00 0.000000e+00 0.000000e+00 0.000000e+00 0 0 0.000000e+00
Level_3 0.000000e+00 0.000000e+00 0.000000e+00 0.000000e+00 0 0 0.000000e+00
Level_4 0.000000e+00 0.000000e+00 0.000000e+00 0.000000e+00 0 0 0.000000e+00
Level_5 0.000000e+00 0.000000e+00 0.000000e+00 0.000000e+00 0 0 0.000000e+00
Level_6 0.000000e+00 0.000000e+00 0.000000e+00 0.000000e+00 0 0 0.000000e+00
Level_7 0.000000e+00 0.000000e+00 0.000000e+00 0.000000e+00 0 0 0.000000e+00
RebuildHierarchy 7.592054e-02 5.145175e-06 7.591105e-02 7.592988e-02
SolveForPotential 1.174073e-02 2.203066e-02 0.000000e+00 8.493328e-02
SolveHydroEquations 7.803489e-01 1.972601e-02 7.533591e-01 8.264413e-01
Total 2.548250e+00 1.358675e-04 2.547507e+00 2.548310e+00 2106704 59 2.583518e+04

Cycle_Number 137
Group_WriteAllData 0.000000e+00 0.000000e+00 0.000000e+00 0.000000e+00
Level_0 1.212983e+00 1.144651e-02 1.181326e+00 1.223076e+00 2097152 32 5.402878e+04
Level_1 4.203930e-02 4.909926e-02 7.485867e-03 1.908350e-01 10552 30 7.843850e+03
Level_2 0.000000e+00 0.000000e+00 0.000000e+00 0.000000e+00 0 0 0.000000e+00
Level_3 0.000000e+00 0.000000e+00 0.000000e+00 0.000000e+00 0 0 0.000000e+00
Level_4 0.000000e+00 0.000000e+00 0.000000e+00 0.000000e+00 0 0 0.000000e+00
Level_5 0.000000e+00 0.000000e+00 0.000000e+00 0.000000e+00 0 0 0.000000e+00
Level_6 0.000000e+00 0.000000e+00 0.000000e+00 0.000000e+00 0 0 0.000000e+00
Level_7 0.000000e+00 0.000000e+00 0.000000e+00 0.000000e+00 0 0 0.000000e+00
RebuildHierarchy 7.809682e-02 6.273353e-06 7.808709e-02 7.810998e-02
SolveForPotential 1.303566e-02 2.253431e-02 0.000000e+00 8.497572e-02
SolveHydroEquations 7.919769e-01 2.196433e-02 7.631512e-01 8.379602e-01
Total 1.553686e+00 1.038768e-04 1.553122e+00 1.553739e+00 2107704 62 4.239323e+04

Cycle_Number 138
Group_WriteAllData 0.000000e+00 0.000000e+00 0.000000e+00 0.000000e+00
Level_0 1.648313e+00 4.090929e-01 1.148334e+00 2.015490e+00 2097152 32 3.975943e+04
Level_1 4.108269e-01 4.238009e-01 1.096082e-02 1.015030e+00 12552 36 9.547817e+02
Level_2 0.000000e+00 0.000000e+00 0.000000e+00 0.000000e+00 0 0 0.000000e+00
Level_3 0.000000e+00 0.000000e+00 0.000000e+00 0.000000e+00 0 0 0.000000e+00
Level_4 0.000000e+00 0.000000e+00 0.000000e+00 0.000000e+00 0 0 0.000000e+00
Level_5 0.000000e+00 0.000000e+00 0.000000e+00 0.000000e+00 0 0 0.000000e+00
Level_6 0.000000e+00 0.000000e+00 0.000000e+00 0.000000e+00 0 0 0.000000e+00
Level_7 0.000000e+00 0.000000e+00 0.000000e+00 0.000000e+00 0 0 0.000000e+00
RebuildHierarchy 7.946624e-02 7.268086e-06 7.945204e-02 7.948208e-02
SolveForPotential 1.551970e-02 2.512038e-02 0.000000e+00 8.494306e-02
SolveHydroEquations 7.914196e-01 2.526061e-02 7.624528e-01 8.654618e-01
Total 2.351081e+00 6.558701e-05 2.350746e+00 2.351122e+00 2109704 68 2.804167e+04

Cycle_Number 139
Group_WriteAllData 2.695336e-01 6.760335e-05 2.695050e-01 2.699089e-01
Level_0 1.628624e+00 3.863806e-01 1.186729e+00 1.979905e+00 2097152 32 4.024010e+04
Level_1 3.991259e-01 3.713711e-01 1.237011e-02 9.753020e-01 16192 45 1.267771e+03
Level_2 0.000000e+00 0.000000e+00 0.000000e+00 0.000000e+00 0 0 0.000000e+00
Level_3 0.000000e+00 0.000000e+00 0.000000e+00 0.000000e+00 0 0 0.000000e+00
Level_4 0.000000e+00 0.000000e+00 0.000000e+00 0.000000e+00 0 0 0.000000e+00
Level_5 0.000000e+00 0.000000e+00 0.000000e+00 0.000000e+00 0 0 0.000000e+00
Level_6 0.000000e+00 0.000000e+00 0.000000e+00 0.000000e+00 0 0 0.000000e+00
Level_7 0.000000e+00 0.000000e+00 0.000000e+00 0.000000e+00 0 0 0.000000e+00
RebuildHierarchy 8.254390e-02 7.066541e-06 8.253312e-02 8.256507e-02
SolveForPotential 1.936843e-02 2.780996e-02 0.000000e+00 8.694649e-02
SolveHydroEquations 7.953375e-01 2.878159e-02 7.614329e-01 8.739161e-01
Total 2.599877e+00 3.502773e-05 2.599763e+00 2.599928e+00 2113344 77 2.540197e+04

Cycle_Number 140
Group_WriteAllData 0.000000e+00 0.000000e+00 0.000000e+00 0.000000e+00
Level_0 1.671621e+00 4.157135e-01 1.176541e+00 2.052303e+00 2097152 32 3.920506e+04
Level_1 4.289172e-01 4.132161e-01 5.436897e-03 1.024709e+00 18432 52 1.342917e+03
Level_2 0.000000e+00 0.000000e+00 0.000000e+00 0.000000e+00 0 0 0.000000e+00
Level_3 0.000000e+00 0.000000e+00 0.000000e+00 0.000000e+00 0 0 0.000000e+00
Level_4 0.000000e+00 0.000000e+00 0.000000e+00 0.000000e+00 0 0 0.000000e+00
Level_5 0.000000e+00 0.000000e+00 0.000000e+00 0.000000e+00 0 0 0.000000e+00
Level_6 0.000000e+00 0.000000e+00 0.000000e+00 0.000000e+00 0 0 0.000000e+00
Level_7 0.000000e+00 0.000000e+00 0.000000e+00 0.000000e+00 0 0 0.000000e+00
RebuildHierarchy 8.615559e-02 9.112736e-06 8.613801e-02 8.617997e-02
SolveForPotential 2.236893e-02 2.900139e-02 0.000000e+00 1.009853e-01
SolveHydroEquations 8.009557e-01 3.169062e-02 7.661428e-01 8.900795e-01
Total 2.436347e+00 1.187323e-04 2.435699e+00 2.436401e+00 2115584 84 2.713571e+04

Cycle_Number 141
Group_WriteAllData 0.000000e+00 0.000000e+00 0.000000e+00 0.000000e+00
Level_0 1.636485e+00 4.111725e-01 1.163259e+00 2.005534e+00 2097152 32 4.004680e+04
Level_1 4.433797e-01 4.234996e-01 1.258516e-02 1.100234e+00 24072 68 1.696627e+03
Level_2 0.000000e+00 0.000000e+00 0.000000e+00 0.000000e+00 0 0 0.000000e+00
Level_3 0.000000e+00 0.000000e+00 0.000000e+00 0.000000e+00 0 0 0.000000e+00
Level_4 0.000000e+00 0.000000e+00 0.000000e+00 0.000000e+00 0 0 0.000000e+00
Level_5 0.000000e+00 0.000000e+00 0.000000e+00 0.000000e+00 0 0 0.000000e+00
Level_6 0.000000e+00 0.000000e+00 0.000000e+00 0.000000e+00 0 0 0.000000e+00
Level_7 0.000000e+00 0.000000e+00 0.000000e+00 0.000000e+00 0 0 0.000000e+00
RebuildHierarchy 9.642261e-02 1.388456e-05 9.640312e-02 9.645605e-02
SolveForPotential 2.934888e-02 3.154855e-02 0.000000e+00 1.167808e-01
SolveHydroEquations 8.060750e-01 3.286146e-02 7.643168e-01 8.972058e-01
Total 2.444211e+00 8.240549e-05 2.443780e+00 2.444265e+00 2121224 100 2.712051e+04

Cycle_Number 142
Group_WriteAllData 3.521648e-01 7.538081e-05 3.521068e-01 3.525748e-01
Level_0 1.616681e+00 3.846881e-01 1.175563e+00 1.964891e+00 2097152 32 4.053738e+04
Level_1 4.448223e-01 3.784001e-01 2.369690e-02 9.979119e-01 30240 85 2.124444e+03
Level_2 0.000000e+00 0.000000e+00 0.000000e+00 0.000000e+00 0 0 0.000000e+00
Level_3 0.000000e+00 0.000000e+00 0.000000e+00 0.000000e+00 0 0 0.000000e+00
Level_4 0.000000e+00 0.000000e+00 0.000000e+00 0.000000e+00 0 0 0.000000e+00
Level_5 0.000000e+00 0.000000e+00 0.000000e+00 0.000000e+00 0 0 0.000000e+00
Level_6 0.000000e+00 0.000000e+00 0.000000e+00 0.000000e+00 0 0 0.000000e+00
Level_7 0.000000e+00 0.000000e+00 0.000000e+00 0.000000e+00 0 0 0.000000e+00
RebuildHierarchy 9.898124e-02 1.733162e-05 9.895897e-02 9.903097e-02
SolveForPotential 3.652800e-02 4.022176e-02 0.000000e+00 1.687973e-01
SolveHydroEquations 8.115685e-01 4.169523e-02 7.594409e-01 9.495337e-01
Total 2.880771e+00 4.309629e-05 2.880652e+00 2.880850e+00 2127392 117 2.307750e+04

Cycle_Number 143
Group_WriteAllData 0.000000e+00 0.000000e+00 0.000000e+00 0.000000e+00
Level_0 1.195168e+00 1.109010e-02 1.158808e+00 1.204788e+00 2097152 32 5.483412e+04
Level_1 1.182813e-01 8.893031e-02 2.739096e-02 3.951590e-01 32680 93 8.634078e+03
Level_2 0.000000e+00 0.000000e+00 0.000000e+00 0.000000e+00 0 0 0.000000e+00
Level_3 0.000000e+00 0.000000e+00 0.000000e+00 0.000000e+00 0 0 0.000000e+00
Level_4 0.000000e+00 0.000000e+00 0.000000e+00 0.000000e+00 0 0 0.000000e+00
Level_5 0.000000e+00 0.000000e+00 0.000000e+00 0.000000e+00 0 0 0.000000e+00
Level_6 0.000000e+00 0.000000e+00 0.000000e+00 0.000000e+00 0 0 0.000000e+00
Level_7 0.000000e+00 0.000000e+00 0.000000e+00 0.000000e+00 0 0 0.000000e+00
RebuildHierarchy 1.008113e-01 2.314046e-05 1.007781e-01 1.008592e-01
SolveForPotential 3.973885e-02 4.244337e-02 0.000000e+00 1.724846e-01
SolveHydroEquations 8.222243e-01 4.193248e-02 7.615170e-01 9.565263e-01
Total 1.785103e+00 1.185587e-04 1.784466e+00 1.785168e+00 2129832 125 3.728483e+04

Cycle_Number 144
Group_WriteAllData 0.000000e+00 0.000000e+00 0.000000e+00 0.000000e+00
Level_0 1.647626e+00 4.067357e-01 1.154510e+00 2.012178e+00 2097152 32 3.977602e+04
Level_1 4.889792e-01 4.226803e-01 2.685499e-02 1.222170e+00 37296 109 2.383537e+03
Level_2 0.000000e+00 0.000000e+00 0.000000e+00 0.000000e+00 0 0 0.000000e+00
Level_3 0.000000e+00 0.000000e+00 0.000000e+00 0.000000e+00 0 0 0.000000e+00
Level_4 0.000000e+00 0.000000e+00 0.000000e+00 0.000000e+00 0 0 0.000000e+00
Level_5 0.000000e+00 0.000000e+00 0.000000e+00 0.000000e+00 0 0 0.000000e+00
Level_6 0.000000e+00 0.000000e+00 0.000000e+00 0.000000e+00 0 0 0.000000e+00
Level_7 0.000000e+00 0.000000e+00 0.000000e+00 0.000000e+00 0 0 0.000000e+00
RebuildHierarchy 1.123468e-01 2.103993e-05 1.123152e-01 1.123929e-01
SolveForPotential 4.635945e-02 4.974565e-02 0.000000e+00 1.763899e-01
SolveHydroEquations 8.251738e-01 4.827272e-02 7.611890e-01 9.460988e-01
Total 2.610623e+00 4.866139e-05 2.610476e+00 2.610709e+00 2134448 141 2.555003e+04

Cycle_Number 145
Group_WriteAllData 5.612333e-01 7.588051e-05 5.611839e-01 5.616441e-01
Level_0 1.887667e+00 2.641775e-01 1.182079e+00 2.012466e+00 2097152 32 3.471800e+04
Level_1 3.081127e-01 2.982263e-01 4.180598e-02 1.135168e+00 50384 141 5.110142e+03
Level_2 0.000000e+00 0.000000e+00 0.000000e+00 0.000000e+00 0 0 0.000000e+00
Level_3 0.000000e+00 0.000000e+00 0.000000e+00 0.000000e+00 0 0 0.000000e+00
Level_4 0.000000e+00 0.000000e+00 0.000000e+00 0.000000e+00 0 0 0.000000e+00
Level_5 0.000000e+00 0.000000e+00 0.000000e+00 0.000000e+00 0 0 0.000000e+00
Level_6 0.000000e+00 0.000000e+00 0.000000e+00 0.000000e+00 0 0 0.000000e+00
Level_7 0.000000e+00 0.000000e+00 0.000000e+00 0.000000e+00 0 0 0.000000e+00
RebuildHierarchy 1.107614e-01 2.062413e-05 1.107290e-01 1.108041e-01
SolveForPotential 6.175105e-02 5.565003e-02 0.000000e+00 2.185788e-01
SolveHydroEquations 8.382975e-01 5.752479e-02 7.538140e-01 1.004964e+00
Total 3.305831e+00 6.431964e-05 3.305560e+00 3.305904e+00 2147536 173 2.030065e+04

Cycle_Number 146
Group_WriteAllData 2.428308e-01 8.757788e-05 2.427881e-01 2.433100e-01
Level_0 1.191933e+00 1.179373e-02 1.157296e+00 1.201563e+00 2097152 32 5.498297e+04
Level_1 1.737752e-01 1.121717e-01 4.036093e-02 4.624331e-01 53136 108 9.555448e+03
Level_2 0.000000e+00 0.000000e+00 0.000000e+00 0.000000e+00 0 0 0.000000e+00
Level_3 0.000000e+00 0.000000e+00 0.000000e+00 0.000000e+00 0 0 0.000000e+00
Level_4 0.000000e+00 0.000000e+00 0.000000e+00 0.000000e+00 0 0 0.000000e+00
Level_5 0.000000e+00 0.000000e+00 0.000000e+00 0.000000e+00 0 0 0.000000e+00
Level_6 0.000000e+00 0.000000e+00 0.000000e+00 0.000000e+00 0 0 0.000000e+00
Level_7 0.000000e+00 0.000000e+00 0.000000e+00 0.000000e+00 0 0 0.000000e+00
RebuildHierarchy 1.118046e-01 1.641921e-05 1.117768e-01 1.118350e-01
SolveForPotential 4.948341e-02 4.630391e-02 0.000000e+00 1.736736e-01
SolveHydroEquations 8.274649e-01 5.248502e-02 7.551758e-01 9.899225e-01
Total 2.127114e+00 1.394752e-04 2.126356e+00 2.127206e+00 2150288 140 3.159045e+04

Cycle_Number 147
Group_WriteAllData 0.000000e+00 0.000000e+00 0.000000e+00 0.000000e+00
Level_0 1.189359e+00 8.043136e-03 1.153533e+00 1.197225e+00 2097152 32 5.510195e+04
Level_1 1.705636e-01 1.106635e-01 3.944302e-02 4.649689e-01 53136 103 9.735369e+03
Level_2 0.000000e+00 0.000000e+00 0.000000e+00 0.000000e+00 0 0 0.000000e+00
Level_3 0.000000e+00 0.000000e+00 0.000000e+00 0.000000e+00 0 0 0.000000e+00
Level_4 0.000000e+00 0.000000e+00 0.000000e+00 0.000000e+00 0 0 0.000000e+00
Level_5 0.000000e+00 0.000000e+00 0.000000e+00 0.000000e+00 0 0 0.000000e+00
Level_6 0.000000e+00 0.000000e+00 0.000000e+00 0.000000e+00 0 0 0.000000e+00
Level_7 0.000000e+00 0.000000e+00 0.000000e+00 0.000000e+00 0 0 0.000000e+00
RebuildHierarchy 1.146156e-01 2.694131e-05 1.145740e-01 1.146770e-01
SolveForPotential 4.742785e-02 4.590052e-02 0.000000e+00 1.737118e-01
SolveHydroEquations 8.363261e-01 5.115972e-02 7.675960e-01 1.004632e+00
Total 1.879396e+00 1.797343e-04 1.878414e+00 1.879505e+00 2150288 135 3.575432e+04

Cycle_Number 148
Group_WriteAllData 0.000000e+00 0.000000e+00 0.000000e+00 0.000000e+00
Level_0 1.619450e+00 3.845507e-01 1.180368e+00 1.969018e+00 2097152 32 4.046805e+04
Level_1 5.367374e-01 3.971799e-01 4.394507e-02 1.204239e+00 67040 129 3.903213e+03
Level_2 0.000000e+00 0.000000e+00 0.000000e+00 0.000000e+00 0 0 0.000000e+00
Level_3 0.000000e+00 0.000000e+00 0.000000e+00 0.000000e+00 0 0 0.000000e+00
Level_4 0.000000e+00 0.000000e+00 0.000000e+00 0.000000e+00 0 0 0.000000e+00
Level_5 0.000000e+00 0.000000e+00 0.000000e+00 0.000000e+00 0 0 0.000000e+00
Level_6 0.000000e+00 0.000000e+00 0.000000e+00 0.000000e+00 0 0 0.000000e+00
Level_7 0.000000e+00 0.000000e+00 0.000000e+00 0.000000e+00 0 0 0.000000e+00
RebuildHierarchy 1.134695e-01 7.840981e-04 1.133032e-01 1.178339e-01
SolveForPotential 6.130149e-02 5.593539e-02 0.000000e+00 1.971548e-01
SolveHydroEquations 8.507596e-01 6.182101e-02 7.671990e-01 1.024051e+00
Total 2.946100e+00 7.876832e-04 2.945559e+00 2.950461e+00 2164192 161 2.295611e+04

Cycle_Number 149
Group_WriteAllData 3.796909e-01 6.607719e-05 3.796711e-01 3.800581e-01
Level_0 1.182829e+00 1.085621e-02 1.145738e+00 1.194812e+00 2097152 32 5.540615e+04
Level_1 2.650728e-01 1.865077e-01 4.341006e-02 7.788768e-01 88416 122 1.042355e+04
Level_2 5.475056e-01 1.981054e-01 3.004074e-05 7.764442e-01 600 2 3.424623e+01
Level_3 0.000000e+00 0.000000e+00 0.000000e+00 0.000000e+00 0 0 0.000000e+00
Level_4 0.000000e+00 0.000000e+00 0.000000e+00 0.000000e+00 0 0 0.000000e+00
Level_5 0.000000e+00 0.000000e+00 0.000000e+00 0.000000e+00 0 0 0.000000e+00
Level_6 0.000000e+00 0.000000e+00 0.000000e+00 0.000000e+00 0 0 0.000000e+00
Level_7 0.000000e+00 0.000000e+00 0.000000e+00 0.000000e+00 0 0 0.000000e+00
RebuildHierarchy 1.252088e-01 4.720253e-06 1.252010e-01 1.252179e-01
SolveForPotential 6.233306e-02 5.217134e-02 0.000000e+00 1.872911e-01
SolveHydroEquations 8.523443e-01 6.076577e-02 7.554510e-01 1.017320e+00
Total 2.637826e+00 1.458143e-03 2.633819e+00 2.638422e+00 2186168 156 2.589926e+04

Cycle_Number 150
Group_WriteAllData 0.000000e+00 0.000000e+00 0.000000e+00 0.000000e+00
Level_0 1.639222e+00 4.046450e-01 1.172925e+00 2.003405e+00 2097152 32 3.997995e+04
Level_1 5.729777e-01 4.144826e-01 3.529000e-02 1.262255e+00 89792 104 4.897224e+03
Level_2 4.780584e-01 1.770410e-01 4.005432e-05 6.862011e-01 1440 4 9.413076e+01
Level_3 0.000000e+00 0.000000e+00 0.000000e+00 0.000000e+00 0 0 0.000000e+00
Level_4 0.000000e+00 0.000000e+00 0.000000e+00 0.000000e+00 0 0 0.000000e+00
Level_5 0.000000e+00 0.000000e+00 0.000000e+00 0.000000e+00 0 0 0.000000e+00
Level_6 0.000000e+00 0.000000e+00 0.000000e+00 0.000000e+00 0 0 0.000000e+00
Level_7 0.000000e+00 0.000000e+00 0.000000e+00 0.000000e+00 0 0 0.000000e+00
RebuildHierarchy 1.283654e-01 8.451665e-06 1.283340e-01 1.283770e-01
SolveForPotential 5.520464e-02 4.592490e-02 0.000000e+00 1.584744e-01
SolveHydroEquations 8.583389e-01 5.989147e-02 7.676680e-01 1.013102e+00
Total 3.041611e+00 8.961327e-05 3.041139e+00 3.041683e+00 2188384 140 2.248381e+04

Cycle_Number 151
Group_WriteAllData 0.000000e+00 0.000000e+00 0.000000e+00 0.000000e+00
Level_0 1.644289e+00 4.087788e-01 1.175982e+00 2.012611e+00 2097152 32 3.985674e+04
Level_1 6.393760e-01 4.026934e-01 3.990102e-02 1.291744e+00 102768 121 5.022866e+03
Level_2 5.165993e-01 2.171553e-01 3.981590e-05 7.878940e-01 1440 4 8.710814e+01
Level_3 0.000000e+00 0.000000e+00 0.000000e+00 0.000000e+00 0 0 0.000000e+00
Level_4 0.000000e+00 0.000000e+00 0.000000e+00 0.000000e+00 0 0 0.000000e+00
Level_5 0.000000e+00 0.000000e+00 0.000000e+00 0.000000e+00 0 0 0.000000e+00
Level_6 0.000000e+00 0.000000e+00 0.000000e+00 0.000000e+00 0 0 0.000000e+00
Level_7 0.000000e+00 0.000000e+00 0.000000e+00 0.000000e+00 0 0 0.000000e+00
RebuildHierarchy 1.402111e-01 1.090343e-05 1.401689e-01 1.402309e-01
SolveForPotential 6.676088e-02 5.263355e-02 0.000000e+00 1.754692e-01
SolveHydroEquations 8.703352e-01 6.822390e-02 7.668109e-01 1.044812e+00
Total 3.168997e+00 9.450658e-05 3.168493e+00 3.169049e+00 2201360 157 2.170797e+04

Cycle_Number 152
Group_WriteAllData 3.497009e-01 7.372848e-05 3.496759e-01 3.501098e-01
Level_0 1.636177e+00 4.019550e-01 1.175165e+00 1.999872e+00 2097152 32 4.005435e+04
Level_1 7.684143e-01 4.870214e-01 5.195093e-02 1.694758e+00 124592 136 5.066928e+03
Level_2 6.428402e-01 2.893634e-01 3.600121e-05 1.013670e+00 1440 3 7.000185e+01
Level_3 0.000000e+00 0.000000e+00 0.000000e+00 0.000000e+00 0 0 0.000000e+00
Level_4 0.000000e+00 0.000000e+00 0.000000e+00 0.000000e+00 0 0 0.000000e+00
Level_5 0.000000e+00 0.000000e+00 0.000000e+00 0.000000e+00 0 0 0.000000e+00
Level_6 0.000000e+00 0.000000e+00 0.000000e+00 0.000000e+00 0 0 0.000000e+00
Level_7 0.000000e+00 0.000000e+00 0.000000e+00 0.000000e+00 0 0 0.000000e+00
RebuildHierarchy 1.399793e-01 6.794521e-06 1.399670e-01 1.399949e-01
SolveForPotential 7.640822e-02 6.257654e-02 0.000000e+00 2.461958e-01
SolveHydroEquations 8.755984e-01 7.977085e-02 7.513680e-01 1.102639e+00
Total 3.729171e+00 3.240094e-05 3.729093e+00 3.729238e+00 2223184 171 1.863001e+04

Cycle_Number 153
Group_WriteAllData 0.000000e+00 0.000000e+00 0.000000e+00 0.000000e+00
Level_0 1.795976e+00 3.587979e-01 1.166328e+00 2.012663e+00 2097152 32 3.649046e+04
Level_1 5.455939e-01 3.458152e-01 3.163290e-02 1.460715e+00 125312 127 7.177500e+03
Level_2 6.345891e-01 2.857160e-01 3.790855e-05 9.983861e-01 1440 3 7.091203e+01
Level_3 0.000000e+00 0.000000e+00 0.000000e+00 0.000000e+00 0 0 0.000000e+00
Level_4 0.000000e+00 0.000000e+00 0.000000e+00 0.000000e+00 0 0 0.000000e+00
Level_5 0.000000e+00 0.000000e+00 0.000000e+00 0.000000e+00 0 0 0.000000e+00
Level_6 0.000000e+00 0.000000e+00 0.000000e+00 0.000000e+00 0 0 0.000000e+00
Level_7 0.000000e+00 0.000000e+00 0.000000e+00 0.000000e+00 0 0 0.000000e+00
RebuildHierarchy 1.456944e-01 6.943989e-06 1.456802e-01 1.457102e-01
SolveForPotential 7.219040e-02 5.931638e-02 0.000000e+00 2.466350e-01
SolveHydroEquations 8.832826e-01 7.663324e-02 7.668931e-01 1.109848e+00
Total 3.369259e+00 1.545599e-04 3.368417e+00 3.369332e+00 2223904 162 2.062679e+04

Cycle_Number 154
Group_WriteAllData 3.899974e-01 1.946927e-04 3.899510e-01 3.910811e-01
Level_0 1.661864e+00 4.094999e-01 1.193664e+00 2.029898e+00 2097152 32 3.943524e+04
Level_1 8.771096e-01 5.443781e-01 6.108093e-02 1.876891e+00 147144 145 5.242503e+03
Level_2 6.104935e-01 3.670947e-01 3.790855e-05 1.108284e+00 1440 3 7.371086e+01
Level_3 0.000000e+00 0.000000e+00 0.000000e+00 0.000000e+00 0 0 0.000000e+00
Level_4 0.000000e+00 0.000000e+00 0.000000e+00 0.000000e+00 0 0 0.000000e+00
Level_5 0.000000e+00 0.000000e+00 0.000000e+00 0.000000e+00 0 0 0.000000e+00
Level_6 0.000000e+00 0.000000e+00 0.000000e+00 0.000000e+00 0 0 0.000000e+00
Level_7 0.000000e+00 0.000000e+00 0.000000e+00 0.000000e+00 0 0 0.000000e+00
RebuildHierarchy 1.612659e-01 6.293121e-06 1.612539e-01 1.612809e-01
SolveForPotential 8.657053e-02 7.111678e-02 0.000000e+00 2.810187e-01
SolveHydroEquations 9.008738e-01 8.964272e-02 7.676041e-01 1.158144e+00
Total 3.922743e+00 5.970101e-05 3.922645e+00 3.923002e+00 2245736 180 1.789035e+04

Cycle_Number 155
Group_WriteAllData 0.000000e+00 0.000000e+00 0.000000e+00 0.000000e+00
Level_0 1.229711e+00 2.645969e-02 1.186608e+00 1.314875e+00 2097152 32 5.329383e+04
Level_1 7.258593e-01 4.512376e-01 1.209130e-01 1.720778e+00 165672 162 7.132580e+03
Level_2 1.063258e+00 4.664767e-01 3.910065e-05 1.697506e+00 1440 3 4.232273e+01
Level_3 0.000000e+00 0.000000e+00 0.000000e+00 0.000000e+00 0 0 0.000000e+00
Level_4 0.000000e+00 0.000000e+00 0.000000e+00 0.000000e+00 0 0 0.000000e+00
Level_5 0.000000e+00 0.000000e+00 0.000000e+00 0.000000e+00 0 0 0.000000e+00
Level_6 0.000000e+00 0.000000e+00 0.000000e+00 0.000000e+00 0 0 0.000000e+00
Level_7 0.000000e+00 0.000000e+00 0.000000e+00 0.000000e+00 0 0 0.000000e+00
RebuildHierarchy 1.672199e-01 1.061528e-05 1.672001e-01 1.672401e-01
SolveForPotential 9.929481e-02 7.721762e-02 0.000000e+00 3.633573e-01
SolveHydroEquations 9.202426e-01 9.988625e-02 7.662320e-01 1.279327e+00
Total 3.401007e+00 2.890212e-04 3.399405e+00 3.401096e+00 2264264 197 2.080509e+04

Cycle_Number 156
Group_WriteAllData 4.384964e-01 8.062778e-05 4.384661e-01 4.389429e-01
Level_0 1.649474e+00 4.082904e-01 1.158073e+00 2.040720e+00 2097152 32 3.973145e+04
Level_1 1.152982e+00 6.058815e-01 7.788205e-02 2.104733e+00 194904 164 5.282605e+03
Level_2 9.937381e-01 5.549760e-01 5.006790e-05 1.782546e+00 1440 3 4.528356e+01
Level_3 0.000000e+00 0.000000e+00 0.000000e+00 0.000000e+00 0 0 0.000000e+00
Level_4 0.000000e+00 0.000000e+00 0.000000e+00 0.000000e+00 0 0 0.000000e+00
Level_5 0.000000e+00 0.000000e+00 0.000000e+00 0.000000e+00 0 0 0.000000e+00
Level_6 0.000000e+00 0.000000e+00 0.000000e+00 0.000000e+00 0 0 0.000000e+00
Level_7 0.000000e+00 0.000000e+00 0.000000e+00 0.000000e+00 0 0 0.000000e+00
RebuildHierarchy 1.698358e-01 1.073478e-05 1.698160e-01 1.698561e-01
SolveForPotential 1.070121e-01 8.258204e-02 0.000000e+00 3.617237e-01
SolveHydroEquations 9.226153e-01 1.075155e-01 7.572758e-01 1.289242e+00
Total 4.670405e+00 3.125931e-05 4.670340e+00 4.670466e+00 2293496 199 1.534594e+04

Cycle_Number 157
Group_WriteAllData 4.267236e-01 4.284852e-04 4.243660e-01 4.271441e-01
Level_0 1.220797e+00 1.104668e-02 1.180120e+00 1.229774e+00 2097152 32 5.368295e+04
Level_1 8.432719e-01 5.344631e-01 8.591986e-02 1.815051e+00 198864 160 7.369509e+03
Level_2 9.693701e-01 5.439018e-01 5.698204e-05 1.749337e+00 2440 7 7.865932e+01
Level_3 0.000000e+00 0.000000e+00 0.000000e+00 0.000000e+00 0 0 0.000000e+00
Level_4 0.000000e+00 0.000000e+00 0.000000e+00 0.000000e+00 0 0 0.000000e+00
Level_5 0.000000e+00 0.000000e+00 0.000000e+00 0.000000e+00 0 0 0.000000e+00
Level_6 0.000000e+00 0.000000e+00 0.000000e+00 0.000000e+00 0 0 0.000000e+00
Level_7 0.000000e+00 0.000000e+00 0.000000e+00 0.000000e+00 0 0 0.000000e+00
RebuildHierarchy 1.816534e-01 4.160703e-04 1.815600e-01 1.839690e-01
SolveForPotential 1.076928e-01 8.105762e-02 0.000000e+00 3.626676e-01
SolveHydroEquations 9.377551e-01 1.096801e-01 7.675390e-01 1.311226e+00
Total 3.869311e+00 1.289928e-04 3.868599e+00 3.869371e+00 2298456 199 1.856319e+04

Cycle_Number 158
Group_WriteAllData 0.000000e+00 0.000000e+00 0.000000e+00 0.000000e+00
Level_0 1.254832e+00 3.994775e-02 1.181217e+00 1.300868e+00 2097152 32 5.222690e+04
Level_1 1.003142e+00 6.197483e-01 8.619094e-02 2.033285e+00 218344 172 6.801881e+03
Level_2 1.088184e+00 6.428146e-01 4.870892e-04 2.041096e+00 6440 19 1.849411e+02
Level_3 2.100229e-01 6.455899e-02 4.743314e-02 2.404122e-01 360 1 5.356558e+01
Level_4 0.000000e+00 0.000000e+00 0.000000e+00 0.000000e+00 0 0 0.000000e+00
Level_5 0.000000e+00 0.000000e+00 0.000000e+00 0.000000e+00 0 0 0.000000e+00
Level_6 0.000000e+00 0.000000e+00 0.000000e+00 0.000000e+00 0 0 0.000000e+00
Level_7 0.000000e+00 0.000000e+00 0.000000e+00 0.000000e+00 0 0 0.000000e+00
RebuildHierarchy 2.189256e-01 1.251542e-04 2.182651e-01 2.190051e-01
SolveForPotential 1.289233e-01 9.412604e-02 0.000000e+00 3.983378e-01
SolveHydroEquations 9.701552e-01 1.283935e-01 7.659888e-01 1.374610e+00
Total 4.043173e+00 1.321125e-04 4.042467e+00 4.043257e+00 2322296 224 1.794921e+04

Cycle_Number 159
Group_WriteAllData 4.130954e-01 1.858006e-04 4.130499e-01 4.141290e-01
Level_0 1.642003e+00 3.951963e-01 1.161370e+00 2.031539e+00 2097152 32 3.991223e+04
Level_1 1.487794e+00 8.338743e-01 6.580400e-02 3.209510e+00 261760 190 5.498073e+03
Level_2 1.159442e+00 7.456044e-01 1.010895e-04 2.373745e+00 8136 25 2.192865e+02
Level_3 1.488302e-01 4.475482e-02 2.003193e-02 1.862791e-01 1080 3 2.267686e+02
Level_4 0.000000e+00 0.000000e+00 0.000000e+00 0.000000e+00 0 0 0.000000e+00
Level_5 0.000000e+00 0.000000e+00 0.000000e+00 0.000000e+00 0 0 0.000000e+00
Level_6 0.000000e+00 0.000000e+00 0.000000e+00 0.000000e+00 0 0 0.000000e+00
Level_7 0.000000e+00 0.000000e+00 0.000000e+00 0.000000e+00 0 0 0.000000e+00
RebuildHierarchy 2.028761e-01 1.477663e-05 2.028217e-01 2.028971e-01
SolveForPotential 1.462234e-01 1.018796e-01 0.000000e+00 4.442251e-01
SolveHydroEquations 9.917710e-01 1.394225e-01 7.605081e-01 1.455082e+00
Total 5.488402e+00 8.456784e-05 5.488319e+00 5.488838e+00 2368128 250 1.348371e+04

Cycle_Number 160
Group_WriteAllData 0.000000e+00 0.000000e+00 0.000000e+00 0.000000e+00
Level_0 1.689446e+00 4.095745e-01 1.214648e+00 2.091460e+00 2097152 32 3.879141e+04
Level_1 1.576456e+00 8.372807e-01 6.687808e-02 3.203041e+00 298704 193 5.921192e+03
Level_2 1.259259e+00 8.223393e-01 2.046514e-02 2.827123e+00 10264 30 2.547133e+02
Level_3 3.932937e-01 1.197203e-01 5.452156e-03 4.964929e-01 1080 3 8.581372e+01
Level_4 2.143267e-01 1.796072e-02 1.143258e-01 2.176342e-01 0 0 0.000000e+00
Level_5 0.000000e+00 0.000000e+00 0.000000e+00 0.000000e+00 0 0 0.000000e+00
Level_6 0.000000e+00 0.000000e+00 0.000000e+00 0.000000e+00 0 0 0.000000e+00
Level_7 0.000000e+00 0.000000e+00 0.000000e+00 0.000000e+00 0 0 0.000000e+00
RebuildHierarchy 2.654338e-01 5.155080e-04 2.651460e-01 2.682807e-01
SolveForPotential 1.709566e-01 1.189899e-01 0.000000e+00 4.736729e-01
SolveHydroEquations 1.026722e+00 1.622208e-01 7.664850e-01 1.391243e+00
Total 6.033136e+00 2.846147e-04 6.031558e+00 6.033230e+00 2407200 258 1.246864e+04

Cycle_Number 161
Group_WriteAllData 8.086494e-01 1.782040e-04 8.086069e-01 8.096409e-01
Level_0 1.686151e+00 3.756139e-01 1.195576e+00 2.026040e+00 2097152 32 3.886722e+04
Level_1 1.942270e+00 1.017989e+00 9.975100e-02 3.854305e+00 353672 202 5.690377e+03
Level_2 1.490494e+00 9.732611e-01 3.064394e-02 3.078916e+00 15880 45 3.329433e+02
Level_3 3.180329e-01 8.564215e-02 3.314972e-03 4.959109e-01 1200 4 1.179123e+02
Level_4 3.406859e-01 2.489779e-04 3.405402e-01 3.420539e-01 576 2 5.283460e+01
Level_5 5.086540e-02 3.704079e-03 3.024197e-02 5.153799e-02 0 0 0.000000e+00
Level_6 0.000000e+00 0.000000e+00 0.000000e+00 0.000000e+00 0 0 0.000000e+00
Level_7 0.000000e+00 0.000000e+00 0.000000e+00 0.000000e+00 0 0 0.000000e+00
RebuildHierarchy 2.735165e-01 7.516722e-05 2.734499e-01 2.738914e-01
SolveForPotential 1.868783e-01 1.375900e-01 0.000000e+00 5.249472e-01
SolveHydroEquations 1.067573e+00 1.857017e-01 7.674789e-01 1.599959e+00
Total 7.438528e+00 1.131538e-04 7.438435e+00 7.439131e+00 2468480 285 1.037033e+04

Cycle_Number 162
Group_WriteAllData 0.000000e+00 0.000000e+00 0.000000e+00 0.000000e+00
Level_0 1.805120e+00 3.546525e-01 1.184594e+00 2.062357e+00 2097152 32 3.630561e+04
Level_1 1.923873e+00 9.551318e-01 1.122329e-01 3.291692e+00 402664 218 6.540582e+03
Level_2 1.555239e+00 9.993818e-01 3.251505e-02 3.248566e+00 16904 48 3.396585e+02
Level_3 6.380893e-01 1.704668e-01 1.076698e-03 9.064679e-01 1800 6 8.815380e+01
Level_4 5.772146e-01 4.395699e-02 3.355899e-01 6.239252e-01 576 2 3.118424e+01
Level_5 7.427748e-01 2.045915e-01 7.058783e-01 1.881892e+00 768 2 3.231127e+01
Level_6 1.084706e+00 2.079640e-02 1.080831e+00 1.200495e+00 0 0 0.000000e+00
Level_7 1.458043e-01 6.309686e-02 1.344202e-01 4.971128e-01 0 0 0.000000e+00
RebuildHierarchy 5.145803e-01 7.572362e-04 5.106840e-01 5.150263e-01
SolveForPotential 2.761295e-01 3.603261e-01 0.000000e+00 2.083422e+00
SolveHydroEquations 1.164728e+00 4.540475e-01 7.498178e-01 3.397710e+00
Total 1.167389e+01 3.076538e-04 1.167218e+01 1.167398e+01 2519864 308 6.745460e+03

Cycle_Number 163
Group_WriteAllData 5.968189e-01 8.817479e-05 5.967929e-01 5.973091e-01
Level_0 1.684603e+00 4.069649e-01 1.217929e+00 2.106154e+00 2097152 32 3.890294e+04
Level_1 2.259421e+00 1.096076e+00 1.137800e-01 4.010233e+00 462416 234 6.395665e+03
Level_2 1.861466e+00 1.066135e+00 3.803396e-02 3.750843e+00 20336 59 3.413977e+02
Level_3 7.359205e-01 2.001364e-01 5.113912e-02 9.479458e-01 1920 6 8.153054e+01
Level_4 4.990676e-01 3.871237e-02 3.088312e-01 5.701180e-01 912 2 5.710649e+01
Level_5 6.165325e-01 4.598236e-02 6.081064e-01 8.725512e-01 640 2 3.243949e+01
Level_6 7.206863e-01 6.276704e-02 7.091875e-01 1.070158e+00 384 1 1.665079e+01
Level_7 2.186715e-01 1.204385e-01 1.969478e-01 8.892446e-01 800 2 1.143267e+02
RebuildHierarchy 4.844932e-01 2.183215e-03 4.724414e-01 4.853160e-01
SolveForPotential 2.970460e-01 3.096387e-01 0.000000e+00 1.705961e+00
SolveHydroEquations 1.195960e+00 4.070780e-01 7.602839e-01 3.033843e+00
Total 1.195832e+01 3.589664e-05 1.195824e+01 1.195843e+01 2584560 338 6.754086e+03

Cycle_Number 164
Group_WriteAllData 0.000000e+00 0.000000e+00 0.000000e+00 0.000000e+00
Level_0 1.664872e+00 4.135326e-01 1.156454e+00 2.089609e+00 2097152 32 3.936399e+04
Level_1 3.211411e+00 1.222277e+00 1.369331e-01 5.352844e+00 548640 245 5.338774e+03
Level_2 1.768995e+00 1.307554e+00 3.695703e-02 4.507809e+00 21216 58 3.747891e+02
Level_3 1.159159e+00 2.426766e-01 3.357861e-01 1.543084e+00 3600 11 9.705310e+01
Level_4 8.501204e-01 1.289234e-01 3.646395e-01 1.134377e+00 1272 3 4.675808e+01
Level_5 7.574479e-01 5.459965e-02 5.142395e-01 7.740963e-01 432 1 1.782301e+01
Level_6 0.000000e+00 0.000000e+00 0.000000e+00 0.000000e+00 0 0 0.000000e+00
Level_7 0.000000e+00 0.000000e+00 0.000000e+00 0.000000e+00 0 0 0.000000e+00
RebuildHierarchy 4.258031e-01 2.467149e-03 4.134262e-01 4.268138e-01
SolveForPotential 3.512315e-01 2.986195e-01 0.000000e+00 1.276900e+00
SolveHydroEquations 1.271485e+00 3.848426e-01 7.656939e-01 2.441351e+00
Total 1.101591e+01 2.123212e-04 1.101473e+01 1.101597e+01 2672312 350 7.580833e+03

Cycle_Number 165
Group_WriteAllData 4.425805e+00 1.741785e-04 4.425710e+00 4.426268e+00
Level_0 1.226590e+00 2.893110e-02 1.173010e+00 1.364151e+00 2097152 32 5.342943e+04
Level_1 3.556012e+00 1.429975e+00 1.679351e-01 5.209232e+00 612640 255 5.383840e+03
Level_2 1.699124e+00 1.462288e+00 1.070189e-02 5.094835e+00 25840 74 4.752449e+02
Level_3 4.109421e-01 9.931587e-02 1.107600e-01 4.713769e-01 4992 14 3.796155e+02
Level_4 1.166894e-01 2.496836e-02 1.477385e-02 1.469319e-01 1880 5 5.034732e+02
Level_5 5.558166e-02 1.083511e-02 8.330345e-04 5.839276e-02 360 1 2.024049e+02
Level_6 0.000000e+00 0.000000e+00 0.000000e+00 0.000000e+00 0 0 0.000000e+00
Level_7 0.000000e+00 0.000000e+00 0.000000e+00 0.000000e+00 0 0 0.000000e+00
RebuildHierarchy 2.989194e-01 1.539151e-05 2.988908e-01 2.989450e-01
SolveForPotential 2.848215e-01 1.765944e-01 0.000000e+00 7.115827e-01
SolveHydroEquations 1.187768e+00 2.531087e-01 7.575510e-01 1.868698e+00
Total 1.203218e+01 3.691069e-04 1.203195e+01 1.203307e+01 2742864 381 7.123769e+03

Cycle_Number 166
Group_WriteAllData 6.294104e-01 8.537629e-05 6.293859e-01 6.298850e-01
Level_0 1.713997e+00 4.012892e-01 1.201889e+00 2.130620e+00 2097152 32 3.823578e+04
Level_1 3.828277e+00 1.472266e+00 1.395090e-01 5.644020e+00 650976 248 5.313878e+03
Level_2 1.769292e+00 1.490128e+00 1.068592e-02 5.262117e+00 25840 74 4.563973e+02
Level_3 4.400616e-01 8.627645e-02 1.658242e-01 6.533473e-01 4992 14 3.544958e+02
Level_4 3.617997e-01 8.189278e-02 3.649473e-02 6.131070e-01 1952 5 1.686016e+02
Level_5 3.303318e-01 6.807606e-02 3.015518e-03 3.499818e-01 360 1 3.405667e+01
Level_6 0.000000e+00 0.000000e+00 0.000000e+00 0.000000e+00 0 0 0.000000e+00
Level_7 0.000000e+00 0.000000e+00 0.000000e+00 0.000000e+00 0 0 0.000000e+00
RebuildHierarchy 3.769230e-01 7.344190e-04 3.737559e-01 3.773136e-01
SolveForPotential 3.067347e-01 1.988375e-01 0.000000e+00 7.989049e-01
SolveHydroEquations 1.236860e+00 2.873360e-01 7.601810e-01 1.908288e+00
Total 1.003585e+01 4.436601e-04 1.003512e+01 1.003616e+01 2781272 374 8.660428e+03

Cycle_Number 167
Group_WriteAllData 0.000000e+00 0.000000e+00 0.000000e+00 0.000000e+00
Level_0 1.628550e+00 3.738416e-01 1.189175e+00 2.007528e+00 2097152 32 4.024194e+04
Level_1 3.925779e+00 1.628150e+00 1.039209e-01 6.382587e+00 678016 253 5.397145e+03
Level_2 2.176001e+00 1.597548e+00 4.340506e-02 5.666614e+00 27976 82 4.017692e+02
Level_3 1.406815e+00 2.776671e-01 5.415320e-01 2.032138e+00 5712 16 1.268824e+02
Level_4 1.426682e+00 3.132192e-01 1.518369e-02 2.358271e+00 2232 6 4.888967e+01
Level_5 1.116217e+00 2.099650e-01 2.092838e-03 1.300798e+00 600 2 1.679781e+01
Level_6 0.000000e+00 0.000000e+00 0.000000e+00 0.000000e+00 0 0 0.000000e+00
Level_7 0.000000e+00 0.000000e+00 0.000000e+00 0.000000e+00 0 0 0.000000e+00
RebuildHierarchy 5.893195e-01 3.772286e-03 5.733232e-01 5.910838e-01
SolveForPotential 4.549951e-01 4.093369e-01 0.000000e+00 1.624815e+00
SolveHydroEquations 1.416625e+00 5.245176e-01 7.637150e-01 2.810257e+00
Total 1.395083e+01 8.953818e-04 1.394983e+01 1.395574e+01 2811688 391 6.298210e+03

Cycle_Number 168
Group_WriteAllData 5.737494e-01 1.117130e-04 5.737031e-01 5.743692e-01
Level_0 1.699292e+00 4.093781e-01 1.225641e+00 2.074582e+00 2097152 32 3.856665e+04
Level_1 4.363332e+00 1.724783e+00 1.750829e-01 7.211060e+00 762960 272 5.464288e+03
Level_2 2.360597e+00 1.698172e+00 1.052980e-01 6.300770e+00 38888 117 5.148062e+02
Level_3 4.472834e-01 1.145317e-01 1.403382e-01 6.411257e-01 6736 19 4.706188e+02
Level_4 5.964142e-01 1.216617e-01 5.841255e-04 8.256283e-01 2880 7 1.509018e+02
Level_5 3.407264e-01 8.373252e-02 1.339076e-01 6.986361e-01 800 2 7.337265e+01
Level_6 2.868450e-01 4.526985e-02 1.813896e-01 5.132699e-01 800 2 8.715510e+01
Level_7 0.000000e+00 0.000000e+00 0.000000e+00 0.000000e+00 0 0 0.000000e+00
RebuildHierarchy 4.498845e-01 7.902321e-04 4.469976e-01 4.503429e-01
SolveForPotential 3.830840e-01 2.552820e-01 0.000000e+00 9.316435e-01
SolveHydroEquations 1.338743e+00 3.631597e-01 7.681999e-01 2.254080e+00
Total 1.225597e+01 2.054227e-04 1.225585e+01 1.225673e+01 2910216 451 7.420401e+03

Cycle_Number 169
Group_WriteAllData 0.000000e+00 0.000000e+00 0.000000e+00 0.000000e+00
Level_0 1.667486e+00 4.129255e-01 1.159060e+00 2.098691e+00 2097152 32 3.930227e+04
Level_1 4.429643e+00 1.685655e+00 1.824181e-01 7.212809e+00 798472 273 5.633016e+03
Level_2 2.482599e+00 1.617932e+00 2.170081e-01 6.302210e+00 41240 91 5.191133e+02
Level_3 1.448066e+00 2.629434e-01 7.148073e-01 1.861122e+00 7240 21 1.562429e+02
Level_4 1.854259e+00 2.158514e-01 7.122490e-01 2.120608e+00 2760 7 4.651454e+01
Level_5 1.207277e+00 2.295550e-01 5.407584e-01 1.915539e+00 2240 6 5.798171e+01
Level_6 3.458900e-01 9.449657e-02 1.068830e-03 7.065814e-01 0 0 0.000000e+00
Level_7 0.000000e+00 0.000000e+00 0.000000e+00 0.000000e+00 0 0 0.000000e+00
RebuildHierarchy 7.142830e-01 4.913849e-03 6.979282e-01 7.168760e-01
SolveForPotential 5.714016e-01 5.099836e-01 0.000000e+00 2.209757e+00
SolveHydroEquations 1.590103e+00 6.615971e-01 7.640979e-01 3.571761e+00
Total 1.631586e+01 2.516513e-04 1.631493e+01 1.631605e+01 2949104 430 5.648461e+03

Cycle_Number 170
Group_WriteAllData 1.304227e+00 2.614279e-04 1.304165e+00 1.305682e+00
Level_0 1.827836e+00 3.490233e-01 1.186521e+00 2.080368e+00 2097152 32 3.585441e+04
Level_1 5.508576e+00 1.722632e+00 1.418710e-01 7.142224e+00 919872 291 5.218408e+03
Level_2 1.748037e+00 1.700647e+00 1.110458e-01 7.081163e+00 56808 129 1.015568e+03
Level_3 6.634863e-01 1.345864e-01 1.699760e-01 8.293498e-01 12376 35 5.829058e+02
Level_4 5.955254e-01 6.353153e-02 4.423127e-01 7.506280e-01 5104 15 2.678307e+02
Level_5 4.829204e-01 4.129055e-02 2.802849e-01 5.022037e-01 2504 6 1.620350e+02
Level_6 0.000000e+00 0.000000e+00 0.000000e+00 0.000000e+00 0 0 0.000000e+00
Level_7 0.000000e+00 0.000000e+00 0.000000e+00 0.000000e+00 0 0 0.000000e+00
RebuildHierarchy 4.913754e-01 1.184687e-03 4.865134e-01 4.919531e-01
SolveForPotential 4.526855e-01 3.021552e-01 0.000000e+00 1.291353e+00
SolveHydroEquations 1.448612e+00 4.377750e-01 7.674160e-01 2.703550e+00
Total 1.351561e+01 2.295032e-04 1.351549e+01 1.351687e+01 3093816 508 7.153342e+03

Cycle_Number 171
Group_WriteAllData 0.000000e+00 0.000000e+00 0.000000e+00 0.000000e+00
Level_0 1.685407e+00 4.068232e-01 1.188185e+00 2.078446e+00 2097152 32 3.888437e+04
Level_1 5.779645e+00 1.733946e+00 9.974098e-02 7.558404e+00 979776 294 5.297557e+03
Level_2 2.292151e+00 1.681598e+00 4.823248e-01 7.528118e+00 62920 121 8.578187e+02
Level_3 1.993954e+00 5.835641e-01 8.720181e-01 3.774520e+00 15512 44 2.431100e+02
Level_4 3.188801e+00 3.950512e-01 1.610324e+00 3.870774e+00 6384 19 6.256271e+01
Level_5 2.144221e+00 3.949257e-01 6.457536e-01 2.884580e+00 2800 7 4.080736e+01
Level_6 2.194122e+00 6.368846e-01 7.488940e-01 4.261104e+00 0 0 0.000000e+00
Level_7 1.777348e+00 1.853406e-01 8.274243e-01 1.822454e+00 0 0 0.000000e+00
RebuildHierarchy 1.188098e+00 1.190949e-02 1.141631e+00 1.194478e+00
SolveForPotential 9.690547e-01 1.154627e+00 0.000000e+00 5.630179e+00
SolveHydroEquations 2.066996e+00 1.413492e+00 7.785270e-01 7.910982e+00
Total 2.738037e+01 2.535526e-04 2.737898e+01 2.738047e+01 3164544 517 3.611785e+03

Cycle_Number 172
Group_WriteAllData 8.037150e-01 1.778195e-04 8.036649e-01 8.047040e-01
Level_0 1.208326e+00 4.657042e-03 1.195611e+00 1.215468e+00 2097152 32 5.423702e+04
Level_1 7.993000e+00 2.685485e+00 2.293830e-01 1.075267e+01 1140816 313 4.460215e+03
Level_2 3.056997e+00 2.624111e+00 3.348942e-01 1.062752e+01 82144 139 8.397130e+02
Level_3 1.392545e+00 3.426229e-01 3.072720e-01 1.972272e+00 19816 54 4.446895e+02
Level_4 1.174072e+00 1.670917e-01 5.314846e-01 1.303194e+00 7632 22 2.031392e+02
Level_5 7.894966e-01 1.672831e-01 1.168327e-01 1.273836e+00 3432 9 1.358461e+02
Level_6 1.125625e+00 2.047768e-01 5.310936e-01 1.976446e+00 1200 3 3.331482e+01
Level_7 2.834244e-01 4.936545e-02 9.648561e-03 2.958920e-01 0 0 0.000000e+00
RebuildHierarchy 7.304547e-01 4.898123e-03 7.068770e-01 7.329316e-01
SolveForPotential 7.124457e-01 5.757082e-01 0.000000e+00 2.919046e+00
SolveHydroEquations 1.779068e+00 7.245958e-01 7.663469e-01 4.314985e+00
Total 2.078869e+01 2.550493e-04 2.078728e+01 2.078880e+01 3352192 572 5.039086e+03

Cycle_Number 173
Group_WriteAllData 0.000000e+00 0.000000e+00 0.000000e+00 0.000000e+00
Level_0 1.856224e+00 3.602070e-01 1.228913e+00 2.114419e+00 2097152 32 3.530609e+04
Level_1 1.487622e+01 4.775616e+00 1.396120e-01 1.966909e+01 1189728 323 2.499224e+03
Level_2 5.593625e+00 4.586828e+00 7.232251e-01 1.961621e+01 88248 114 4.930166e+02
Level_3 3.809815e+00 8.541711e-01 1.331063e+00 5.584105e+00 22776 64 1.868201e+02
Level_4 3.351883e+00 5.810088e-01 1.580019e+00 4.452141e+00 6432 18 5.996629e+01
Level_5 3.039559e+00 3.682314e-01 1.410839e+00 4.189420e+00 3192 8 3.281727e+01
Level_6 3.065722e+00 3.791020e-01 1.513856e+00 3.335386e+00 1120 3 1.141656e+01
Level_7 1.172765e+00 2.165157e-01 9.271550e-02 1.650457e+00 0 0 0.000000e+00
RebuildHierarchy 1.512805e+00 1.431075e-02 1.469757e+00 1.525161e+00
SolveForPotential 1.727105e+00 1.412492e+00 0.000000e+00 5.761613e+00
SolveHydroEquations 3.220703e+00 1.835834e+00 7.802019e-01 8.511972e+00
Total 4.323377e+01 2.302765e-04 4.323250e+01 4.323389e+01 3408648 562 2.463821e+03

Cycle_Number 174
Group_WriteAllData 8.367542e-01 7.567215e-05 8.367221e-01 8.371711e-01
Level_0 1.646606e+00 3.779172e-01 1.181853e+00 2.077548e+00 2097152 32 3.980066e+04
Level_1 1.002692e+01 3.373127e+00 2.079649e-01 1.347179e+01 1311080 349 4.086126e+03
Level_2 3.632869e+00 3.299962e+00 1.559548e-01 1.335268e+01 112888 109 9.710645e+02
Level_3 8.342497e-01 2.159085e-01 3.957508e-01 1.398634e+00 33264 98 1.246030e+03
Level_4 8.278529e-01 1.886045e-01 2.965691e-01 1.050800e+00 6944 18 2.621239e+02
Level_5 6.299365e-01 1.108528e-01 3.782823e-01 9.954872e-01 5264 14 2.611374e+02
Level_6 9.615341e-01 1.594635e-01 2.087767e-01 1.182603e+00 1800 4 5.850027e+01
Level_7 1.234155e-01 2.481741e-02 3.237724e-04 1.626291e-01 480 1 1.215407e+02
RebuildHierarchy 6.574786e-01 2.722180e-03 6.472335e-01 6.588311e-01
SolveForPotential 6.804215e-01 4.366389e-01 1.252723e-02 1.662779e+00
SolveHydroEquations 1.774793e+00 6.097073e-01 7.900610e-01 3.265129e+00
Total 2.179705e+01 1.624213e-04 2.179685e+01 2.179745e+01 3568872 625 5.116620e+03

Cycle_Number 175
Group_WriteAllData 1.117413e+00 8.551756e-05 1.117377e+00 1.117886e+00
Level_0 1.225211e+00 2.920013e-02 1.198686e+00 1.381608e+00 2097152 32 5.348956e+04
Level_1 1.008421e+01 3.337439e+00 3.345230e-01 1.365123e+01 1371000 353 4.248597e+03
Level_2 3.853928e+00 3.251671e+00 3.822408e-01 1.342453e+01 118024 110 9.570107e+02
Level_3 1.825726e+00 4.657331e-01 9.464972e-01 3.122114e+00 34520 99 5.908608e+02
Level_4 1.871937e+00 3.921747e-01 8.133175e-01 2.234518e+00 8016 22 1.338186e+02
Level_5 1.393633e+00 1.533412e-01 7.436285e-01 1.872563e+00 4760 13 1.067354e+02
Level_6 1.645768e+00 3.508209e-01 5.659254e-01 2.792806e+00 2240 6 4.253334e+01
Level_7 2.336752e+00 3.292673e-01 9.462698e-01 3.574116e+00 0 0 0.000000e+00
RebuildHierarchy 1.063500e+00 8.612236e-03 1.026561e+00 1.068186e+00
SolveForPotential 9.519338e-01 8.508493e-01 1.253319e-02 4.069181e+00
SolveHydroEquations 2.138078e+00 1.134706e+00 7.923570e-01 6.116854e+00
Total 2.999150e+01 1.622907e-04 2.999115e+01 2.999166e+01 3635712 635 3.788273e+03

Cycle_Number 176
Group_WriteAllData 1.119818e+00 8.668938e-05 1.119776e+00 1.120296e+00
Level_0 1.677186e+00 4.126682e-01 1.201732e+00 2.091781e+00 2097152 32 3.907496e+04
Level_1 1.126914e+01 3.981889e+00 2.717741e-01 1.641502e+01 1429408 358 3.963833e+03
Level_2 5.098438e+00 3.823300e+00 6.308441e-01 1.548914e+01 130584 123 8.003922e+02
Level_3 2.792370e+00 8.376182e-01 1.167192e+00 4.917522e+00 35864 90 4.013616e+02
Level_4 3.513666e+00 7.086564e-01 1.497202e+00 3.977705e+00 8952 25 7.961770e+01
Level_5 2.166726e+00 4.793854e-01 9.722998e-01 4.267802e+00 4672 13 6.738276e+01
Level_6 4.237462e+00 5.102530e-01 2.516403e+00 5.575703e+00 1240 4 9.144625e+00
Level_7 1.928937e+00 3.584654e-01 3.490014e-01 2.940919e+00 0 0 0.000000e+00
RebuildHierarchy 1.394705e+00 1.296050e-02 1.340123e+00 1.402890e+00
SolveForPotential 1.280223e+00 1.255172e+00 1.253009e-02 6.298073e+00
SolveHydroEquations 2.548899e+00 1.578232e+00 7.881298e-01 8.631736e+00
Total 3.971577e+01 1.271192e-04 3.971510e+01 3.971586e+01 3707872 645 2.917506e+03

